Log file open, 06/08/20 01:02:14
LogWindows: Failed to load 'aqProf.dll' (GetLastError=126)
LogWindows: File 'aqProf.dll' does not exist
LogWindows: Failed to load 'VtuneApi.dll' (GetLastError=126)
LogWindows: File 'VtuneApi.dll' does not exist
LogWindows: Failed to load 'VtuneApi32e.dll' (GetLastError=126)
LogWindows: File 'VtuneApi32e.dll' does not exist
LogConsoleResponse: Display: Failed to find resolution value strings in scalability ini. Falling back to default.
LogInit: Display: Running engine for game: DESTINY
LogPlatformFile: Not using cached read wrapper
LogTaskGraph: Started task graph with 5 named threads and 11 total threads with 3 sets of task threads.
LogStats: Stats thread started at 0.332696
LogD3D11RHI: Loaded GFSDK_Aftermath_Lib.x64.dll
LogICUInternationalization: ICU TimeZone Detection - Raw Offset: -5:00, Platform Override: ''
LogPluginManager: Mounting plugin Paper2D
LogPluginManager: Mounting plugin AISupport
LogPluginManager: Mounting plugin LightPropagationVolume
LogPluginManager: Mounting plugin ActorLayerUtilities
LogPluginManager: Mounting plugin AnimationSharing
LogPluginManager: Mounting plugin CLionSourceCodeAccess
LogPluginManager: Mounting plugin CodeLiteSourceCodeAccess
LogPluginManager: Mounting plugin GitSourceControl
LogPluginManager: Mounting plugin KDevelopSourceCodeAccess
LogPluginManager: Mounting plugin NullSourceCodeAccess
LogPluginManager: Mounting plugin PerforceSourceControl
LogPluginManager: Mounting plugin PlasticSourceControl
LogPluginManager: Mounting plugin SubversionSourceControl
LogPluginManager: Mounting plugin UObjectPlugin
LogPluginManager: Mounting plugin VisualStudioCodeSourceCodeAccess
LogPluginManager: Mounting plugin VisualStudioSourceCodeAccess
LogPluginManager: Mounting plugin XCodeSourceCodeAccess
LogPluginManager: Mounting plugin AssetManagerEditor
LogPluginManager: Mounting plugin CryptoKeys
LogPluginManager: Mounting plugin CurveEditorTools
LogPluginManager: Mounting plugin DataValidation
LogPluginManager: Mounting plugin FacialAnimation
LogPluginManager: Mounting plugin GameplayTagsEditor
LogPluginManager: Mounting plugin MacGraphicsSwitching
LogPluginManager: Mounting plugin MaterialAnalyzer
LogPluginManager: Mounting plugin MobileLauncherProfileWizard
LogPluginManager: Mounting plugin PluginBrowser
LogPluginManager: Mounting plugin SpeedTreeImporter
LogPluginManager: Mounting plugin DatasmithContent
LogPluginManager: Mounting plugin VariantManagerContent
LogPluginManager: Mounting plugin AlembicImporter
LogPluginManager: Mounting plugin AutomationUtils
LogPluginManager: Mounting plugin BackChannel
LogPluginManager: Mounting plugin CharacterAI
LogPluginManager: Mounting plugin GeometryCache
LogPluginManager: Mounting plugin PlatformCrypto
LogPluginManager: Mounting plugin ProxyLODPlugin
LogPluginManager: Mounting plugin SkeletalReduction
LogPluginManager: Mounting plugin MagicLeap
LogPluginManager: Mounting plugin MagicLeapMedia
LogPluginManager: Mounting plugin MLSDK
LogPluginManager: Mounting plugin AndroidMedia
LogPluginManager: Mounting plugin AvfMedia
LogPluginManager: Mounting plugin ImgMedia
LogPluginManager: Mounting plugin MediaCompositing
LogPluginManager: Mounting plugin MediaPlayerEditor
LogPluginManager: Mounting plugin WebMMedia
LogPluginManager: Mounting plugin WmfMedia
LogPluginManager: Mounting plugin TcpMessaging
LogPluginManager: Mounting plugin UdpMessaging
LogPluginManager: Mounting plugin ActorSequence
LogPluginManager: Mounting plugin LevelSequenceEditor
LogPluginManager: Mounting plugin MatineeToLevelSequence
LogPluginManager: Mounting plugin NetcodeUnitTest
LogPluginManager: Mounting plugin NUTUnrealEngine4
LogPluginManager: Mounting plugin OnlineSubsystemGooglePlay
LogPluginManager: Mounting plugin OnlineSubsystemIOS
LogPluginManager: Mounting plugin OnlineSubsystem
LogPluginManager: Mounting plugin OnlineSubsystemNull
LogPluginManager: Mounting plugin OnlineSubsystemUtils
LogPluginManager: Mounting plugin LauncherChunkInstaller
LogPluginManager: Mounting plugin AndroidDeviceProfileSelector
LogPluginManager: Mounting plugin AndroidMoviePlayer
LogPluginManager: Mounting plugin AndroidPermission
LogPluginManager: Mounting plugin AppleImageUtils
LogPluginManager: Mounting plugin AppleMoviePlayer
LogPluginManager: Mounting plugin ArchVisCharacter
LogPluginManager: Mounting plugin AssetTags
LogPluginManager: Mounting plugin AudioCapture
LogPluginManager: Mounting plugin CableComponent
LogPluginManager: Mounting plugin CustomMeshComponent
LogPluginManager: Mounting plugin EditableMesh
LogPluginManager: Mounting plugin ExampleDeviceProfileSelector
LogPluginManager: Mounting plugin GoogleCloudMessaging
LogPluginManager: Mounting plugin IOSDeviceProfileSelector
LogPluginManager: Mounting plugin LinuxDeviceProfileSelector
LogPluginManager: Mounting plugin LocationServicesBPLibrary
LogPluginManager: Mounting plugin MobilePatchingUtils
LogPluginManager: Mounting plugin OculusVR
LogPluginManager: Mounting plugin PhysXVehicles
LogPluginManager: Mounting plugin PostSplashScreen
LogPluginManager: Mounting plugin ProceduralMeshComponent
LogPluginManager: Mounting plugin RuntimePhysXCooking
LogPluginManager: Mounting plugin SignificanceManager
LogPluginManager: Mounting plugin SteamVR
LogPluginManager: Mounting plugin WebMMoviePlayer
LogPluginManager: Mounting plugin WindowsMoviePlayer
LogPluginManager: Mounting plugin ScreenshotTools
LogInit: Using libcurl 7.55.1-DEV
LogInit:  - built for x86_64-pc-win32
LogInit:  - supports SSL with OpenSSL/1.1.1
LogInit:  - supports HTTP deflate (compression) using libz 1.2.8
LogInit:  - other features:
LogInit:      CURL_VERSION_SSL
LogInit:      CURL_VERSION_LIBZ
LogInit:      CURL_VERSION_IPV6
LogInit:      CURL_VERSION_ASYNCHDNS
LogInit:      CURL_VERSION_LARGEFILE
LogInit:      CURL_VERSION_IDN
LogInit:  CurlRequestOptions (configurable via config and command line):
LogInit:  - bVerifyPeer = true  - Libcurl will verify peer certificate
LogInit:  - bUseHttpProxy = false  - Libcurl will NOT use HTTP proxy
LogInit:  - bDontReuseConnections = false  - Libcurl will reuse connections
LogInit:  - MaxHostConnections = 16  - Libcurl will limit the number of connections to a host
LogInit:  - LocalHostAddr = Default
LogInit:  - BufferSize = 65536
LogOnline: OSS: Creating online subsystem instance for: NULL
LogInit: WinSock: version 1.1 (2.2), MaxSocks=32767, MaxUdp=65467
LogOnline: OSS: TryLoadSubsystemAndSetDefault: Loaded subsystem for module [NULL]
LogInit: Build: ++UE4+Release-4.24-CL-11590370
LogInit: Engine Version: 4.24.3-11590370+++UE4+Release-4.24
LogInit: Compatible Engine Version: 4.24.0-10570792+++UE4+Release-4.24
LogInit: Net CL: 10570792
LogInit: OS: Windows 8.1 (), CPU: Intel(R) Core(TM) i3-6100 CPU @ 3.70GHz, GPU: Intel(R) HD Graphics 530
LogInit: Compiled (64-bit): Feb 24 2020 15:39:18
LogInit: Compiled with Visual C++: 19.16.27032.01
LogInit: Build Configuration: Development
LogInit: Branch Name: ++UE4+Release-4.24
LogInit: Command Line: 
LogInit: Base Directory: C:/Program Files/Epic Games/UE_4.24/Engine/Binaries/Win64/
LogInit: Installed Engine Build: 1
LogDevObjectVersion: Number of dev versions registered: 25
LogDevObjectVersion:   Dev-Blueprints (B0D832E4-1F89-4F0D-ACCF-7EB736FD4AA2): 10
LogDevObjectVersion:   Dev-Build (E1C64328-A22C-4D53-A36C-8E866417BD8C): 0
LogDevObjectVersion:   Dev-Core (375EC13C-06E4-48FB-B500-84F0262A717E): 3
LogDevObjectVersion:   Dev-Editor (E4B068ED-F494-42E9-A231-DA0B2E46BB41): 37
LogDevObjectVersion:   Dev-Framework (CFFC743F-43B0-4480-9391-14DF171D2073): 36
LogDevObjectVersion:   Dev-Mobile (B02B49B5-BB20-44E9-A304-32B752E40360): 2
LogDevObjectVersion:   Dev-Networking (A4E4105C-59A1-49B5-A7C5-40C4547EDFEE): 0
LogDevObjectVersion:   Dev-Online (39C831C9-5AE6-47DC-9A44-9C173E1C8E7C): 0
LogDevObjectVersion:   Dev-Physics (78F01B33-EBEA-4F98-B9B4-84EACCB95AA2): 2
LogDevObjectVersion:   Dev-Platform (6631380F-2D4D-43E0-8009-CF276956A95A): 0
LogDevObjectVersion:   Dev-Rendering (12F88B9F-8875-4AFC-A67C-D90C383ABD29): 36
LogDevObjectVersion:   Dev-Sequencer (7B5AE74C-D270-4C10-A958-57980B212A5A): 11
LogDevObjectVersion:   Dev-VR (D7296918-1DD6-4BDD-9DE2-64A83CC13884): 2
LogDevObjectVersion:   Dev-LoadTimes (C2A15278-BFE7-4AFE-6C17-90FF531DF755): 1
LogDevObjectVersion:   Private-Geometry (6EACA3D4-40EC-4CC1-B786-8BED09428FC5): 3
LogDevObjectVersion:   Dev-AnimPhys (29E575DD-E0A3-4627-9D10-D276232CDCEA): 17
LogDevObjectVersion:   Dev-Anim (AF43A65D-7FD3-4947-9873-3E8ED9C1BB05): 2
LogDevObjectVersion:   Dev-ReflectionCapture (6B266CEC-1EC7-4B8F-A30B-E4D90942FC07): 1
LogDevObjectVersion:   Dev-Automation (0DF73D61-A23F-47EA-B727-89E90C41499A): 1
LogDevObjectVersion:   FortniteMain (601D1886-AC64-4F84-AA16-D3DE0DEAC7D6): 31
LogDevObjectVersion:   Dev-Enterprise (9DFFBCD6-494F-0158-E221-12823C92A888): 8
LogDevObjectVersion:   Dev-Niagara (F2AED0AC-9AFE-416F-8664-AA7FFA26D6FC): 1
LogDevObjectVersion:   Dev-Destruction (174F1F0B-B4C6-45A5-B13F-2EE8D0FB917D): 9
LogDevObjectVersion:   Dev-Physics-Ext (35F94A83-E258-406C-A318-09F59610247C): 8
LogDevObjectVersion:   Dev-CineCamera (B2E18506-4273-CFC2-A54E-F4BB758BBA07): 1
LogInit: Presizing for max 25165824 objects, including 0 objects not considered by GC, pre-allocating 0 bytes for permanent pool.
LogInit: Object subsystem initialized
LogConfig: Setting CVar [[con.DebugEarlyDefault:1]]
LogConfig: Setting CVar [[r.setres:1280x720]]
[2020.06.08-06.02.14:704][  0]LogConfig: Setting CVar [[r.VSync:0]]
[2020.06.08-06.02.14:704][  0]LogConfig: Setting CVar [[r.RHICmdBypass:0]]
[2020.06.08-06.02.14:704][  0]LogConfig: Applying CVar settings from Section [/Script/Engine.RendererSettings] File [D:/videojuegos/Destiny-Project/Saved/Config/Windows/Engine.ini]
[2020.06.08-06.02.14:704][  0]LogConfig: Setting CVar [[r.GPUCrashDebugging:0]]
[2020.06.08-06.02.14:704][  0]LogConfig: Applying CVar settings from Section [/Script/Engine.RendererOverrideSettings] File [D:/videojuegos/Destiny-Project/Saved/Config/Windows/Engine.ini]
[2020.06.08-06.02.14:704][  0]LogConfig: Applying CVar settings from Section [/Script/Engine.StreamingSettings] File [D:/videojuegos/Destiny-Project/Saved/Config/Windows/Engine.ini]
[2020.06.08-06.02.14:704][  0]LogConfig: Setting CVar [[s.MinBulkDataSizeForAsyncLoading:131072]]
[2020.06.08-06.02.14:704][  0]LogConfig: Setting CVar [[s.AsyncLoadingThreadEnabled:0]]
[2020.06.08-06.02.14:704][  0]LogConfig: Setting CVar [[s.EventDrivenLoaderEnabled:1]]
[2020.06.08-06.02.14:704][  0]LogConfig: Setting CVar [[s.WarnIfTimeLimitExceeded:0]]
[2020.06.08-06.02.14:704][  0]LogConfig: Setting CVar [[s.TimeLimitExceededMultiplier:1.5]]
[2020.06.08-06.02.14:704][  0]LogConfig: Setting CVar [[s.TimeLimitExceededMinTime:0.005]]
[2020.06.08-06.02.14:704][  0]LogConfig: Setting CVar [[s.UseBackgroundLevelStreaming:1]]
[2020.06.08-06.02.14:704][  0]LogConfig: Setting CVar [[s.PriorityAsyncLoadingExtraTime:15.0]]
[2020.06.08-06.02.14:704][  0]LogConfig: Setting CVar [[s.LevelStreamingActorsUpdateTimeLimit:5.0]]
[2020.06.08-06.02.14:704][  0]LogConfig: Setting CVar [[s.PriorityLevelStreamingActorsUpdateExtraTime:5.0]]
[2020.06.08-06.02.14:704][  0]LogConfig: Setting CVar [[s.LevelStreamingComponentsRegistrationGranularity:10]]
[2020.06.08-06.02.14:704][  0]LogConfig: Setting CVar [[s.UnregisterComponentsTimeLimit:1.0]]
[2020.06.08-06.02.14:704][  0]LogConfig: Setting CVar [[s.LevelStreamingComponentsUnregistrationGranularity:5]]
[2020.06.08-06.02.14:704][  0]LogConfig: Setting CVar [[s.FlushStreamingOnExit:1]]
[2020.06.08-06.02.14:704][  0]LogConfig: Applying CVar settings from Section [/Script/Engine.GarbageCollectionSettings] File [D:/videojuegos/Destiny-Project/Saved/Config/Windows/Engine.ini]
[2020.06.08-06.02.14:704][  0]LogConfig: Setting CVar [[gc.MaxObjectsNotConsideredByGC:1]]
[2020.06.08-06.02.14:704][  0]LogConfig: Setting CVar [[gc.SizeOfPermanentObjectPool:0]]
[2020.06.08-06.02.14:704][  0]LogConfig: Setting CVar [[gc.FlushStreamingOnGC:0]]
[2020.06.08-06.02.14:704][  0]LogConfig: Setting CVar [[gc.NumRetriesBeforeForcingGC:10]]
[2020.06.08-06.02.14:704][  0]LogConfig: Setting CVar [[gc.AllowParallelGC:1]]
[2020.06.08-06.02.14:704][  0]LogConfig: Setting CVar [[gc.TimeBetweenPurgingPendingKillObjects:61.1]]
[2020.06.08-06.02.14:704][  0]LogConfig: Setting CVar [[gc.MaxObjectsInEditor:25165824]]
[2020.06.08-06.02.14:704][  0]LogConfig: Setting CVar [[gc.IncrementalBeginDestroyEnabled:1]]
[2020.06.08-06.02.14:704][  0]LogConfig: Setting CVar [[gc.CreateGCClusters:1]]
[2020.06.08-06.02.14:704][  0]LogConfig: Setting CVar [[gc.MinGCClusterSize:5]]
[2020.06.08-06.02.14:704][  0]LogConfig: Setting CVar [[gc.ActorClusteringEnabled:0]]
[2020.06.08-06.02.14:704][  0]LogConfig: Setting CVar [[gc.BlueprintClusteringEnabled:0]]
[2020.06.08-06.02.14:704][  0]LogConfig: Setting CVar [[gc.UseDisregardForGCOnDedicatedServers:0]]
[2020.06.08-06.02.14:704][  0]LogConfig: Applying CVar settings from Section [/Script/Engine.NetworkSettings] File [D:/videojuegos/Destiny-Project/Saved/Config/Windows/Engine.ini]
[2020.06.08-06.02.14:704][  0]LogConfig: Applying CVar settings from Section [/Script/UnrealEd.CookerSettings] File [D:/videojuegos/Destiny-Project/Saved/Config/Windows/Engine.ini]
[2020.06.08-06.02.14:705][  0]LogConfig: Applying CVar settings from Section [ViewDistanceQuality@3] File [D:/videojuegos/Destiny-Project/Saved/Config/Windows/Scalability.ini]
[2020.06.08-06.02.14:705][  0]LogConfig: Setting CVar [[r.SkeletalMeshLODBias:0]]
[2020.06.08-06.02.14:705][  0]LogConfig: Setting CVar [[r.ViewDistanceScale:1.0]]
[2020.06.08-06.02.14:705][  0]LogConfig: Applying CVar settings from Section [AntiAliasingQuality@3] File [D:/videojuegos/Destiny-Project/Saved/Config/Windows/Scalability.ini]
[2020.06.08-06.02.14:705][  0]LogConfig: Setting CVar [[r.PostProcessAAQuality:4]]
[2020.06.08-06.02.14:705][  0]LogConfig: Applying CVar settings from Section [ShadowQuality@3] File [D:/videojuegos/Destiny-Project/Saved/Config/Windows/Scalability.ini]
[2020.06.08-06.02.14:705][  0]LogConfig: Setting CVar [[r.LightFunctionQuality:1]]
[2020.06.08-06.02.14:705][  0]LogConfig: Setting CVar [[r.ShadowQuality:5]]
[2020.06.08-06.02.14:705][  0]LogConfig: Setting CVar [[r.Shadow.CSM.MaxCascades:10]]
[2020.06.08-06.02.14:705][  0]LogConfig: Setting CVar [[r.Shadow.MaxResolution:2048]]
[2020.06.08-06.02.14:705][  0]LogConfig: Setting CVar [[r.Shadow.MaxCSMResolution:2048]]
[2020.06.08-06.02.14:705][  0]LogConfig: Setting CVar [[r.Shadow.RadiusThreshold:0.01]]
[2020.06.08-06.02.14:705][  0]LogConfig: Setting CVar [[r.Shadow.DistanceScale:1.0]]
[2020.06.08-06.02.14:705][  0]LogConfig: Setting CVar [[r.Shadow.CSM.TransitionScale:1.0]]
[2020.06.08-06.02.14:705][  0]LogConfig: Setting CVar [[r.Shadow.PreShadowResolutionFactor:1.0]]
[2020.06.08-06.02.14:705][  0]LogConfig: Setting CVar [[r.DistanceFieldShadowing:1]]
[2020.06.08-06.02.14:705][  0]LogConfig: Setting CVar [[r.DistanceFieldAO:1]]
[2020.06.08-06.02.14:705][  0]LogConfig: Setting CVar [[r.AOQuality:2]]
[2020.06.08-06.02.14:705][  0]LogConfig: Setting CVar [[r.VolumetricFog:1]]
[2020.06.08-06.02.14:705][  0]LogConfig: Setting CVar [[r.VolumetricFog.GridPixelSize:8]]
[2020.06.08-06.02.14:705][  0]LogConfig: Setting CVar [[r.VolumetricFog.GridSizeZ:128]]
[2020.06.08-06.02.14:705][  0]LogConfig: Setting CVar [[r.VolumetricFog.HistoryMissSupersampleCount:4]]
[2020.06.08-06.02.14:705][  0]LogConfig: Setting CVar [[r.LightMaxDrawDistanceScale:1]]
[2020.06.08-06.02.14:705][  0]LogConfig: Setting CVar [[r.CapsuleShadows:1]]
[2020.06.08-06.02.14:705][  0]LogConfig: Applying CVar settings from Section [PostProcessQuality@3] File [D:/videojuegos/Destiny-Project/Saved/Config/Windows/Scalability.ini]
[2020.06.08-06.02.14:705][  0]LogConfig: Setting CVar [[r.MotionBlurQuality:4]]
[2020.06.08-06.02.14:705][  0]LogConfig: Setting CVar [[r.AmbientOcclusionMipLevelFactor:0.4]]
[2020.06.08-06.02.14:705][  0]LogConfig: Setting CVar [[r.AmbientOcclusionMaxQuality:100]]
[2020.06.08-06.02.14:705][  0]LogConfig: Setting CVar [[r.AmbientOcclusionLevels:-1]]
[2020.06.08-06.02.14:705][  0]LogConfig: Setting CVar [[r.AmbientOcclusionRadiusScale:1.0]]
[2020.06.08-06.02.14:705][  0]LogConfig: Setting CVar [[r.DepthOfFieldQuality:2]]
[2020.06.08-06.02.14:705][  0]LogConfig: Setting CVar [[r.RenderTargetPoolMin:400]]
[2020.06.08-06.02.14:705][  0]LogConfig: Setting CVar [[r.LensFlareQuality:2]]
[2020.06.08-06.02.14:705][  0]LogConfig: Setting CVar [[r.SceneColorFringeQuality:1]]
[2020.06.08-06.02.14:705][  0]LogConfig: Setting CVar [[r.EyeAdaptationQuality:2]]
[2020.06.08-06.02.14:705][  0]LogConfig: Setting CVar [[r.BloomQuality:5]]
[2020.06.08-06.02.14:705][  0]LogConfig: Setting CVar [[r.FastBlurThreshold:100]]
[2020.06.08-06.02.14:705][  0]LogConfig: Setting CVar [[r.Upscale.Quality:3]]
[2020.06.08-06.02.14:705][  0]LogConfig: Setting CVar [[r.Tonemapper.GrainQuantization:1]]
[2020.06.08-06.02.14:705][  0]LogConfig: Setting CVar [[r.LightShaftQuality:1]]
[2020.06.08-06.02.14:705][  0]LogConfig: Setting CVar [[r.Filter.SizeScale:1]]
[2020.06.08-06.02.14:705][  0]LogConfig: Setting CVar [[r.Tonemapper.Quality:5]]
[2020.06.08-06.02.14:705][  0]LogConfig: Setting CVar [[r.DOF.Gather.AccumulatorQuality:1        ; higher gathering accumulator quality]]
[2020.06.08-06.02.14:706][  0]LogConfig: Setting CVar [[r.DOF.Gather.PostfilterMethod:1          ; Median3x3 postfilering method]]
[2020.06.08-06.02.14:706][  0]LogConfig: Setting CVar [[r.DOF.Gather.EnableBokehSettings:0       ; no bokeh simulation when gathering]]
[2020.06.08-06.02.14:706][  0]LogConfig: Setting CVar [[r.DOF.Gather.RingCount:4                 ; medium number of samples when gathering]]
[2020.06.08-06.02.14:706][  0]LogConfig: Setting CVar [[r.DOF.Scatter.ForegroundCompositing:1    ; additive foreground scattering]]
[2020.06.08-06.02.14:706][  0]LogConfig: Setting CVar [[r.DOF.Scatter.BackgroundCompositing:2    ; additive background scattering]]
[2020.06.08-06.02.14:706][  0]LogConfig: Setting CVar [[r.DOF.Scatter.EnableBokehSettings:1      ; bokeh simulation when scattering]]
[2020.06.08-06.02.14:706][  0]LogConfig: Setting CVar [[r.DOF.Scatter.MaxSpriteRatio:0.1         ; only a maximum of 10% of scattered bokeh]]
[2020.06.08-06.02.14:706][  0]LogConfig: Setting CVar [[r.DOF.Recombine.Quality:1                ; cheap slight out of focus]]
[2020.06.08-06.02.14:706][  0]LogConfig: Setting CVar [[r.DOF.Recombine.EnableBokehSettings:0    ; no bokeh simulation on slight out of focus]]
[2020.06.08-06.02.14:706][  0]LogConfig: Setting CVar [[r.DOF.TemporalAAQuality:1                ; more stable temporal accumulation]]
[2020.06.08-06.02.14:706][  0]LogConfig: Setting CVar [[r.DOF.Kernel.MaxForegroundRadius:0.025]]
[2020.06.08-06.02.14:706][  0]LogConfig: Setting CVar [[r.DOF.Kernel.MaxBackgroundRadius:0.025]]
[2020.06.08-06.02.14:706][  0]LogConfig: Applying CVar settings from Section [TextureQuality@3] File [D:/videojuegos/Destiny-Project/Saved/Config/Windows/Scalability.ini]
[2020.06.08-06.02.14:706][  0]LogConfig: Setting CVar [[r.Streaming.MipBias:0]]
[2020.06.08-06.02.14:706][  0]LogConfig: Setting CVar [[r.Streaming.AmortizeCPUToGPUCopy:0]]
[2020.06.08-06.02.14:706][  0]LogConfig: Setting CVar [[r.Streaming.MaxNumTexturesToStreamPerFrame:0]]
[2020.06.08-06.02.14:706][  0]LogConfig: Setting CVar [[r.Streaming.Boost:1]]
[2020.06.08-06.02.14:706][  0]LogConfig: Setting CVar [[r.MaxAnisotropy:8]]
[2020.06.08-06.02.14:706][  0]LogConfig: Setting CVar [[r.VT.MaxAnisotropy:8]]
[2020.06.08-06.02.14:706][  0]LogConfig: Setting CVar [[r.Streaming.LimitPoolSizeToVRAM:0]]
[2020.06.08-06.02.14:706][  0]LogConfig: Setting CVar [[r.Streaming.PoolSize:1000]]
[2020.06.08-06.02.14:706][  0]LogConfig: Setting CVar [[r.Streaming.MaxEffectiveScreenSize:0]]
[2020.06.08-06.02.14:706][  0]LogConfig: Applying CVar settings from Section [EffectsQuality@3] File [D:/videojuegos/Destiny-Project/Saved/Config/Windows/Scalability.ini]
[2020.06.08-06.02.14:706][  0]LogConfig: Setting CVar [[r.TranslucencyLightingVolumeDim:64]]
[2020.06.08-06.02.14:706][  0]LogConfig: Setting CVar [[r.RefractionQuality:2]]
[2020.06.08-06.02.14:706][  0]LogConfig: Setting CVar [[r.SSR.Quality:3]]
[2020.06.08-06.02.14:706][  0]LogConfig: Setting CVar [[r.SSR.HalfResSceneColor:0]]
[2020.06.08-06.02.14:706][  0]LogConfig: Setting CVar [[r.SceneColorFormat:4]]
[2020.06.08-06.02.14:706][  0]LogConfig: Setting CVar [[r.DetailMode:2]]
[2020.06.08-06.02.14:706][  0]LogConfig: Setting CVar [[r.TranslucencyVolumeBlur:1]]
[2020.06.08-06.02.14:706][  0]LogConfig: Setting CVar [[r.MaterialQualityLevel:1 ; High quality]]
[2020.06.08-06.02.14:706][  0]LogConfig: Setting CVar [[r.SSS.Scale:1]]
[2020.06.08-06.02.14:706][  0]LogConfig: Setting CVar [[r.SSS.SampleSet:2]]
[2020.06.08-06.02.14:706][  0]LogConfig: Setting CVar [[r.SSS.Quality:1]]
[2020.06.08-06.02.14:706][  0]LogConfig: Setting CVar [[r.SSS.HalfRes:1]]
[2020.06.08-06.02.14:706][  0]LogConfig: Setting CVar [[r.SSGI.Quality:3]]
[2020.06.08-06.02.14:706][  0]LogConfig: Setting CVar [[r.EmitterSpawnRateScale:1.0]]
[2020.06.08-06.02.14:706][  0]LogConfig: Setting CVar [[r.ParticleLightQuality:2]]
[2020.06.08-06.02.14:706][  0]LogConfig: Setting CVar [[r.SkyAtmosphere.AerialPerspectiveLUT.FastApplyOnOpaque:1 ; Always have FastSkyLUT 1 in this case to avoid wrong sky]]
[2020.06.08-06.02.14:706][  0]LogConfig: Setting CVar [[r.SkyAtmosphere.AerialPerspectiveLUT.SampleCountPerSlice:1]]
[2020.06.08-06.02.14:706][  0]LogConfig: Setting CVar [[r.SkyAtmosphere.AerialPerspectiveLUT.DepthResolution:16.0]]
[2020.06.08-06.02.14:706][  0]LogConfig: Setting CVar [[r.SkyAtmosphere.FastSkyLUT:1]]
[2020.06.08-06.02.14:706][  0]LogConfig: Setting CVar [[r.SkyAtmosphere.FastSkyLUT.SampleCountMin:4.0]]
[2020.06.08-06.02.14:706][  0]LogConfig: Setting CVar [[r.SkyAtmosphere.FastSkyLUT.SampleCountMax:32.0]]
[2020.06.08-06.02.14:706][  0]LogConfig: Setting CVar [[r.SkyAtmosphere.SampleCountMin:4.0]]
[2020.06.08-06.02.14:706][  0]LogConfig: Setting CVar [[r.SkyAtmosphere.SampleCountMax:32.0]]
[2020.06.08-06.02.14:706][  0]LogConfig: Setting CVar [[r.SkyAtmosphere.TransmittanceLUT.UseSmallFormat:0]]
[2020.06.08-06.02.14:706][  0]LogConfig: Setting CVar [[r.SkyAtmosphere.TransmittanceLUT.SampleCount:10.0]]
[2020.06.08-06.02.14:706][  0]LogConfig: Setting CVar [[r.SkyAtmosphere.MultiScatteringLUT.SampleCount:15.0]]
[2020.06.08-06.02.14:706][  0]LogConfig: Applying CVar settings from Section [FoliageQuality@3] File [D:/videojuegos/Destiny-Project/Saved/Config/Windows/Scalability.ini]
[2020.06.08-06.02.14:706][  0]LogConfig: Setting CVar [[foliage.DensityScale:1.0]]
[2020.06.08-06.02.14:706][  0]LogConfig: Setting CVar [[grass.DensityScale:1.0]]
[2020.06.08-06.02.14:706][  0]LogConfig: Applying CVar settings from Section [ShadingQuality@3] File [D:/videojuegos/Destiny-Project/Saved/Config/Windows/Scalability.ini]
[2020.06.08-06.02.14:706][  0]LogConfig: Setting CVar [[r.HairStrands.SkyLighting.SampleCount:16]]
[2020.06.08-06.02.14:706][  0]LogConfig: Setting CVar [[r.HairStrands.SkyLighting.JitterIntegration:0]]
[2020.06.08-06.02.14:706][  0]LogConfig: Setting CVar [[r.HairStrands.SkyAO.SampleCount:16]]
[2020.06.08-06.02.14:706][  0]LogInit: Selected Device Profile: [Windows]
[2020.06.08-06.02.14:706][  0]LogInit: Applying CVar settings loaded from the selected device profile: [Windows]
[2020.06.08-06.02.14:708][  0]LogHAL: Display: Platform has ~ 4 GB [4171296768 / 4294967296 / 4], which maps to Smallest [LargestMinGB=32, LargerMinGB=12, DefaultMinGB=8, SmallerMinGB=6, SmallestMinGB=0)
[2020.06.08-06.02.14:708][  0]LogInit: Going up to parent DeviceProfile []
[2020.06.08-06.02.14:708][  0]LogConfig: Applying CVar settings from Section [ViewDistanceQuality@3] File [D:/videojuegos/Destiny-Project/Saved/Config/Windows/Scalability.ini]
[2020.06.08-06.02.14:708][  0]LogConfig: Setting CVar [[r.SkeletalMeshLODBias:0]]
[2020.06.08-06.02.14:708][  0]LogConfig: Setting CVar [[r.ViewDistanceScale:1.0]]
[2020.06.08-06.02.14:708][  0]LogConfig: Applying CVar settings from Section [AntiAliasingQuality@3] File [D:/videojuegos/Destiny-Project/Saved/Config/Windows/Scalability.ini]
[2020.06.08-06.02.14:708][  0]LogConfig: Setting CVar [[r.PostProcessAAQuality:4]]
[2020.06.08-06.02.14:708][  0]LogConfig: Applying CVar settings from Section [ShadowQuality@3] File [D:/videojuegos/Destiny-Project/Saved/Config/Windows/Scalability.ini]
[2020.06.08-06.02.14:708][  0]LogConfig: Setting CVar [[r.LightFunctionQuality:1]]
[2020.06.08-06.02.14:708][  0]LogConfig: Setting CVar [[r.ShadowQuality:5]]
[2020.06.08-06.02.14:708][  0]LogConfig: Setting CVar [[r.Shadow.CSM.MaxCascades:10]]
[2020.06.08-06.02.14:708][  0]LogConfig: Setting CVar [[r.Shadow.MaxResolution:2048]]
[2020.06.08-06.02.14:708][  0]LogConfig: Setting CVar [[r.Shadow.MaxCSMResolution:2048]]
[2020.06.08-06.02.14:708][  0]LogConfig: Setting CVar [[r.Shadow.RadiusThreshold:0.01]]
[2020.06.08-06.02.14:708][  0]LogConfig: Setting CVar [[r.Shadow.DistanceScale:1.0]]
[2020.06.08-06.02.14:708][  0]LogConfig: Setting CVar [[r.Shadow.CSM.TransitionScale:1.0]]
[2020.06.08-06.02.14:708][  0]LogConfig: Setting CVar [[r.Shadow.PreShadowResolutionFactor:1.0]]
[2020.06.08-06.02.14:708][  0]LogConfig: Setting CVar [[r.DistanceFieldShadowing:1]]
[2020.06.08-06.02.14:708][  0]LogConfig: Setting CVar [[r.DistanceFieldAO:1]]
[2020.06.08-06.02.14:708][  0]LogConfig: Setting CVar [[r.AOQuality:2]]
[2020.06.08-06.02.14:708][  0]LogConfig: Setting CVar [[r.VolumetricFog:1]]
[2020.06.08-06.02.14:708][  0]LogConfig: Setting CVar [[r.VolumetricFog.GridPixelSize:8]]
[2020.06.08-06.02.14:708][  0]LogConfig: Setting CVar [[r.VolumetricFog.GridSizeZ:128]]
[2020.06.08-06.02.14:708][  0]LogConfig: Setting CVar [[r.VolumetricFog.HistoryMissSupersampleCount:4]]
[2020.06.08-06.02.14:708][  0]LogConfig: Setting CVar [[r.LightMaxDrawDistanceScale:1]]
[2020.06.08-06.02.14:708][  0]LogConfig: Setting CVar [[r.CapsuleShadows:1]]
[2020.06.08-06.02.14:708][  0]LogConfig: Applying CVar settings from Section [PostProcessQuality@3] File [D:/videojuegos/Destiny-Project/Saved/Config/Windows/Scalability.ini]
[2020.06.08-06.02.14:708][  0]LogConfig: Setting CVar [[r.MotionBlurQuality:4]]
[2020.06.08-06.02.14:708][  0]LogConfig: Setting CVar [[r.AmbientOcclusionMipLevelFactor:0.4]]
[2020.06.08-06.02.14:708][  0]LogConfig: Setting CVar [[r.AmbientOcclusionMaxQuality:100]]
[2020.06.08-06.02.14:708][  0]LogConfig: Setting CVar [[r.AmbientOcclusionLevels:-1]]
[2020.06.08-06.02.14:708][  0]LogConfig: Setting CVar [[r.AmbientOcclusionRadiusScale:1.0]]
[2020.06.08-06.02.14:708][  0]LogConfig: Setting CVar [[r.DepthOfFieldQuality:2]]
[2020.06.08-06.02.14:708][  0]LogConfig: Setting CVar [[r.RenderTargetPoolMin:400]]
[2020.06.08-06.02.14:708][  0]LogConfig: Setting CVar [[r.LensFlareQuality:2]]
[2020.06.08-06.02.14:708][  0]LogConfig: Setting CVar [[r.SceneColorFringeQuality:1]]
[2020.06.08-06.02.14:708][  0]LogConfig: Setting CVar [[r.EyeAdaptationQuality:2]]
[2020.06.08-06.02.14:708][  0]LogConfig: Setting CVar [[r.BloomQuality:5]]
[2020.06.08-06.02.14:708][  0]LogConfig: Setting CVar [[r.FastBlurThreshold:100]]
[2020.06.08-06.02.14:708][  0]LogConfig: Setting CVar [[r.Upscale.Quality:3]]
[2020.06.08-06.02.14:708][  0]LogConfig: Setting CVar [[r.Tonemapper.GrainQuantization:1]]
[2020.06.08-06.02.14:708][  0]LogConfig: Setting CVar [[r.LightShaftQuality:1]]
[2020.06.08-06.02.14:708][  0]LogConfig: Setting CVar [[r.Filter.SizeScale:1]]
[2020.06.08-06.02.14:708][  0]LogConfig: Setting CVar [[r.Tonemapper.Quality:5]]
[2020.06.08-06.02.14:708][  0]LogConfig: Setting CVar [[r.DOF.Gather.AccumulatorQuality:1        ; higher gathering accumulator quality]]
[2020.06.08-06.02.14:708][  0]LogConfig: Setting CVar [[r.DOF.Gather.PostfilterMethod:1          ; Median3x3 postfilering method]]
[2020.06.08-06.02.14:708][  0]LogConfig: Setting CVar [[r.DOF.Gather.EnableBokehSettings:0       ; no bokeh simulation when gathering]]
[2020.06.08-06.02.14:709][  0]LogConfig: Setting CVar [[r.DOF.Gather.RingCount:4                 ; medium number of samples when gathering]]
[2020.06.08-06.02.14:709][  0]LogConfig: Setting CVar [[r.DOF.Scatter.ForegroundCompositing:1    ; additive foreground scattering]]
[2020.06.08-06.02.14:709][  0]LogConfig: Setting CVar [[r.DOF.Scatter.BackgroundCompositing:2    ; additive background scattering]]
[2020.06.08-06.02.14:709][  0]LogConfig: Setting CVar [[r.DOF.Scatter.EnableBokehSettings:1      ; bokeh simulation when scattering]]
[2020.06.08-06.02.14:709][  0]LogConfig: Setting CVar [[r.DOF.Scatter.MaxSpriteRatio:0.1         ; only a maximum of 10% of scattered bokeh]]
[2020.06.08-06.02.14:709][  0]LogConfig: Setting CVar [[r.DOF.Recombine.Quality:1                ; cheap slight out of focus]]
[2020.06.08-06.02.14:709][  0]LogConfig: Setting CVar [[r.DOF.Recombine.EnableBokehSettings:0    ; no bokeh simulation on slight out of focus]]
[2020.06.08-06.02.14:709][  0]LogConfig: Setting CVar [[r.DOF.TemporalAAQuality:1                ; more stable temporal accumulation]]
[2020.06.08-06.02.14:709][  0]LogConfig: Setting CVar [[r.DOF.Kernel.MaxForegroundRadius:0.025]]
[2020.06.08-06.02.14:709][  0]LogConfig: Setting CVar [[r.DOF.Kernel.MaxBackgroundRadius:0.025]]
[2020.06.08-06.02.14:709][  0]LogConfig: Applying CVar settings from Section [TextureQuality@3] File [D:/videojuegos/Destiny-Project/Saved/Config/Windows/Scalability.ini]
[2020.06.08-06.02.14:709][  0]LogConfig: Setting CVar [[r.Streaming.MipBias:0]]
[2020.06.08-06.02.14:709][  0]LogConfig: Setting CVar [[r.Streaming.AmortizeCPUToGPUCopy:0]]
[2020.06.08-06.02.14:709][  0]LogConfig: Setting CVar [[r.Streaming.MaxNumTexturesToStreamPerFrame:0]]
[2020.06.08-06.02.14:709][  0]LogConfig: Setting CVar [[r.Streaming.Boost:1]]
[2020.06.08-06.02.14:709][  0]LogConfig: Setting CVar [[r.MaxAnisotropy:8]]
[2020.06.08-06.02.14:709][  0]LogConfig: Setting CVar [[r.VT.MaxAnisotropy:8]]
[2020.06.08-06.02.14:709][  0]LogConfig: Setting CVar [[r.Streaming.LimitPoolSizeToVRAM:0]]
[2020.06.08-06.02.14:709][  0]LogConfig: Setting CVar [[r.Streaming.PoolSize:1000]]
[2020.06.08-06.02.14:709][  0]LogConfig: Setting CVar [[r.Streaming.MaxEffectiveScreenSize:0]]
[2020.06.08-06.02.14:709][  0]LogConfig: Applying CVar settings from Section [EffectsQuality@3] File [D:/videojuegos/Destiny-Project/Saved/Config/Windows/Scalability.ini]
[2020.06.08-06.02.14:709][  0]LogConfig: Setting CVar [[r.TranslucencyLightingVolumeDim:64]]
[2020.06.08-06.02.14:709][  0]LogConfig: Setting CVar [[r.RefractionQuality:2]]
[2020.06.08-06.02.14:709][  0]LogConfig: Setting CVar [[r.SSR.Quality:3]]
[2020.06.08-06.02.14:709][  0]LogConfig: Setting CVar [[r.SSR.HalfResSceneColor:0]]
[2020.06.08-06.02.14:709][  0]LogConfig: Setting CVar [[r.SceneColorFormat:4]]
[2020.06.08-06.02.14:709][  0]LogConfig: Setting CVar [[r.DetailMode:2]]
[2020.06.08-06.02.14:709][  0]LogConfig: Setting CVar [[r.TranslucencyVolumeBlur:1]]
[2020.06.08-06.02.14:709][  0]LogConfig: Setting CVar [[r.MaterialQualityLevel:1 ; High quality]]
[2020.06.08-06.02.14:709][  0]LogConfig: Setting CVar [[r.SSS.Scale:1]]
[2020.06.08-06.02.14:709][  0]LogConfig: Setting CVar [[r.SSS.SampleSet:2]]
[2020.06.08-06.02.14:709][  0]LogConfig: Setting CVar [[r.SSS.Quality:1]]
[2020.06.08-06.02.14:709][  0]LogConfig: Setting CVar [[r.SSS.HalfRes:1]]
[2020.06.08-06.02.14:709][  0]LogConfig: Setting CVar [[r.SSGI.Quality:3]]
[2020.06.08-06.02.14:709][  0]LogConfig: Setting CVar [[r.EmitterSpawnRateScale:1.0]]
[2020.06.08-06.02.14:709][  0]LogConfig: Setting CVar [[r.ParticleLightQuality:2]]
[2020.06.08-06.02.14:709][  0]LogConfig: Setting CVar [[r.SkyAtmosphere.AerialPerspectiveLUT.FastApplyOnOpaque:1 ; Always have FastSkyLUT 1 in this case to avoid wrong sky]]
[2020.06.08-06.02.14:709][  0]LogConfig: Setting CVar [[r.SkyAtmosphere.AerialPerspectiveLUT.SampleCountPerSlice:1]]
[2020.06.08-06.02.14:709][  0]LogConfig: Setting CVar [[r.SkyAtmosphere.AerialPerspectiveLUT.DepthResolution:16.0]]
[2020.06.08-06.02.14:709][  0]LogConfig: Setting CVar [[r.SkyAtmosphere.FastSkyLUT:1]]
[2020.06.08-06.02.14:709][  0]LogConfig: Setting CVar [[r.SkyAtmosphere.FastSkyLUT.SampleCountMin:4.0]]
[2020.06.08-06.02.14:709][  0]LogConfig: Setting CVar [[r.SkyAtmosphere.FastSkyLUT.SampleCountMax:32.0]]
[2020.06.08-06.02.14:709][  0]LogConfig: Setting CVar [[r.SkyAtmosphere.SampleCountMin:4.0]]
[2020.06.08-06.02.14:709][  0]LogConfig: Setting CVar [[r.SkyAtmosphere.SampleCountMax:32.0]]
[2020.06.08-06.02.14:709][  0]LogConfig: Setting CVar [[r.SkyAtmosphere.TransmittanceLUT.UseSmallFormat:0]]
[2020.06.08-06.02.14:709][  0]LogConfig: Setting CVar [[r.SkyAtmosphere.TransmittanceLUT.SampleCount:10.0]]
[2020.06.08-06.02.14:709][  0]LogConfig: Setting CVar [[r.SkyAtmosphere.MultiScatteringLUT.SampleCount:15.0]]
[2020.06.08-06.02.14:709][  0]LogConfig: Applying CVar settings from Section [FoliageQuality@3] File [D:/videojuegos/Destiny-Project/Saved/Config/Windows/Scalability.ini]
[2020.06.08-06.02.14:709][  0]LogConfig: Setting CVar [[foliage.DensityScale:1.0]]
[2020.06.08-06.02.14:709][  0]LogConfig: Setting CVar [[grass.DensityScale:1.0]]
[2020.06.08-06.02.14:709][  0]LogConfig: Applying CVar settings from Section [ShadingQuality@3] File [D:/videojuegos/Destiny-Project/Saved/Config/Windows/Scalability.ini]
[2020.06.08-06.02.14:709][  0]LogConfig: Setting CVar [[r.HairStrands.SkyLighting.SampleCount:16]]
[2020.06.08-06.02.14:709][  0]LogConfig: Setting CVar [[r.HairStrands.SkyLighting.JitterIntegration:0]]
[2020.06.08-06.02.14:709][  0]LogConfig: Setting CVar [[r.HairStrands.SkyAO.SampleCount:16]]
[2020.06.08-06.02.14:709][  0]LogConfig: Applying CVar settings from Section [Startup] File [../../../Engine/Config/ConsoleVariables.ini]
[2020.06.08-06.02.14:709][  0]LogConfig: Setting CVar [[net.UseAdaptiveNetUpdateFrequency:0]]
[2020.06.08-06.02.14:709][  0]LogConfig: Setting CVar [[p.chaos.AllowCreatePhysxBodies:1]]
[2020.06.08-06.02.14:709][  0]LogConfig: Applying CVar settings from Section [ConsoleVariables] File [D:/videojuegos/Destiny-Project/Saved/Config/Windows/Engine.ini]
[2020.06.08-06.02.14:709][  0]LogInit: Computer: USUARIO
[2020.06.08-06.02.14:709][  0]LogInit: User: user
[2020.06.08-06.02.14:709][  0]LogInit: CPU Page size=4096, Cores=2
[2020.06.08-06.02.14:709][  0]LogInit: High frequency timer resolution =3.609374 MHz
[2020.06.08-06.02.14:709][  0]LogMemory: Memory total: Physical=3.9GB (4GB approx)
[2020.06.08-06.02.14:709][  0]LogMemory: Platform Memory Stats for Windows
[2020.06.08-06.02.14:709][  0]LogMemory: Process Physical Memory: 101.77 MB used, 101.77 MB peak
[2020.06.08-06.02.14:710][  0]LogMemory: Process Virtual Memory: 99.77 MB used, 99.77 MB peak
[2020.06.08-06.02.14:710][  0]LogMemory: Physical Memory: 3242.53 MB used,  735.53 MB free, 3978.06 MB total
[2020.06.08-06.02.14:710][  0]LogMemory: Virtual Memory: 968.88 MB used,  134216760.00 MB free, 134217728.00 MB total
[2020.06.08-06.02.14:714][  0]LogWindows: WindowsPlatformFeatures enabled
[2020.06.08-06.02.14:727][  0]LogInit: Overriding language with editor language configuration option (en).
[2020.06.08-06.02.14:727][  0]LogInit: Overriding locale with editor locale configuration option (en).
[2020.06.08-06.02.14:877][  0]LogInit: Setting process to per monitor DPI aware
[2020.06.08-06.02.14:890][  0]LogSlate: New Slate User Created.  User Index 0, Is Virtual User: 0
[2020.06.08-06.02.14:890][  0]LogSlate: Slate User Registered.  User Index 0, Is Virtual User: 0
[2020.06.08-06.02.15:017][  0]LogHMD: Failed to initialize OpenVR with code 110
[2020.06.08-06.02.15:017][  0]LogD3D11RHI: D3D11 min allowed feature level: 11_0
[2020.06.08-06.02.15:017][  0]LogD3D11RHI: D3D11 max allowed feature level: 11_0
[2020.06.08-06.02.15:017][  0]LogD3D11RHI: D3D11 adapters:
[2020.06.08-06.02.15:024][  0]LogD3D11RHI:    0. 'Intel(R) HD Graphics 530' (Feature Level 11_0)
[2020.06.08-06.02.15:024][  0]LogD3D11RHI:       128/0/1989 MB DedicatedVideo/DedicatedSystem/SharedSystem, Outputs:1, VendorId:0x8086
[2020.06.08-06.02.15:025][  0]LogD3D11RHI:    1. 'Microsoft Basic Render Driver' (Feature Level 11_0)
[2020.06.08-06.02.15:025][  0]LogD3D11RHI:       0/0/256 MB DedicatedVideo/DedicatedSystem/SharedSystem, Outputs:0, VendorId:0x1414
[2020.06.08-06.02.15:025][  0]LogD3D11RHI: Chosen D3D11 Adapter: 0
[2020.06.08-06.02.15:029][  0]LogD3D11RHI: Creating new Direct3DDevice
[2020.06.08-06.02.15:030][  0]LogD3D11RHI:     GPU DeviceId: 0x1912 (for the marketing name, search the web for "GPU Device Id")
[2020.06.08-06.02.15:030][  0]LogWindows: EnumDisplayDevices:
[2020.06.08-06.02.15:030][  0]LogWindows:    0. 'Intel(R) HD Graphics 530' (P:1 D:1)
[2020.06.08-06.02.15:030][  0]LogWindows:    1. 'Intel(R) HD Graphics 530' (P:0 D:0)
[2020.06.08-06.02.15:030][  0]LogWindows: DebugString: FoundDriverCount:2 
[2020.06.08-06.02.15:030][  0]LogD3D11RHI:     Adapter Name: Intel(R) HD Graphics 530
[2020.06.08-06.02.15:030][  0]LogD3D11RHI:   Driver Version: 21.20.16.4534 (internal:21.20.16.4534, unified:21.20.16.4534)
[2020.06.08-06.02.15:030][  0]LogD3D11RHI:      Driver Date: 10-7-2016
[2020.06.08-06.02.15:030][  0]LogRHI: Texture pool is 785 MB (70% of 1122 MB)
[2020.06.08-06.02.15:036][  0]LogD3D11RHI: RHI does not have support for 64 bit atomics
[2020.06.08-06.02.15:036][  0]LogD3D11RHI: Async texture creation enabled
[2020.06.08-06.02.15:042][  0]LogD3D11RHI: GPU Timing Frequency: 12.000000 (Debug: 2 0)
[2020.06.08-06.02.17:482][  0]LogTargetPlatformManager: Display: Loaded TargetPlatform 'AllDesktop'
[2020.06.08-06.02.17:508][  0]LogTargetPlatformManager: Display: Loaded TargetPlatform 'Android'
[2020.06.08-06.02.17:508][  0]LogTargetPlatformManager: Display: Loaded TargetPlatform 'Android_ASTC'
[2020.06.08-06.02.17:508][  0]LogTargetPlatformManager: Display: Loaded TargetPlatform 'Android_ATC'
[2020.06.08-06.02.17:508][  0]LogTargetPlatformManager: Display: Loaded TargetPlatform 'Android_DXT'
[2020.06.08-06.02.17:508][  0]LogTargetPlatformManager: Display: Loaded TargetPlatform 'Android_ETC1'
[2020.06.08-06.02.17:508][  0]LogTargetPlatformManager: Display: Loaded TargetPlatform 'Android_ETC1a'
[2020.06.08-06.02.17:508][  0]LogTargetPlatformManager: Display: Loaded TargetPlatform 'Android_ETC2'
[2020.06.08-06.02.17:508][  0]LogTargetPlatformManager: Display: Loaded TargetPlatform 'Android_PVRTC'
[2020.06.08-06.02.17:508][  0]LogTargetPlatformManager: Display: Loaded TargetPlatform 'AndroidClient'
[2020.06.08-06.02.17:508][  0]LogTargetPlatformManager: Display: Loaded TargetPlatform 'Android_ASTCClient'
[2020.06.08-06.02.17:508][  0]LogTargetPlatformManager: Display: Loaded TargetPlatform 'Android_ATCClient'
[2020.06.08-06.02.17:508][  0]LogTargetPlatformManager: Display: Loaded TargetPlatform 'Android_DXTClient'
[2020.06.08-06.02.17:508][  0]LogTargetPlatformManager: Display: Loaded TargetPlatform 'Android_ETC1Client'
[2020.06.08-06.02.17:508][  0]LogTargetPlatformManager: Display: Loaded TargetPlatform 'Android_ETC1aClient'
[2020.06.08-06.02.17:508][  0]LogTargetPlatformManager: Display: Loaded TargetPlatform 'Android_ETC2Client'
[2020.06.08-06.02.17:508][  0]LogTargetPlatformManager: Display: Loaded TargetPlatform 'Android_PVRTCClient'
[2020.06.08-06.02.17:508][  0]LogTargetPlatformManager: Display: Loaded TargetPlatform 'Android_Multi'
[2020.06.08-06.02.17:508][  0]LogTargetPlatformManager: Display: Loaded TargetPlatform 'Android_MultiClient'
[2020.06.08-06.02.17:523][  0]LogTargetPlatformManager: Display: Loaded TargetPlatform 'IOSClient'
[2020.06.08-06.02.17:523][  0]LogTargetPlatformManager: Display: Loaded TargetPlatform 'IOS'
[2020.06.08-06.02.17:529][  0]LogTargetPlatformManager: Display: Loaded TargetPlatform 'LinuxNoEditor'
[2020.06.08-06.02.17:535][  0]LogTargetPlatformManager: Display: Loaded TargetPlatform 'LinuxClient'
[2020.06.08-06.02.17:541][  0]LogTargetPlatformManager: Display: Loaded TargetPlatform 'LinuxServer'
[2020.06.08-06.02.17:547][  0]LogTargetPlatformManager: Display: Loaded TargetPlatform 'LinuxAArch64NoEditor'
[2020.06.08-06.02.17:553][  0]LogTargetPlatformManager: Display: Loaded TargetPlatform 'LinuxAArch64Client'
[2020.06.08-06.02.17:559][  0]LogTargetPlatformManager: Display: Loaded TargetPlatform 'LinuxAArch64Server'
[2020.06.08-06.02.17:582][  0]LogTargetPlatformManager: Display: Loaded TargetPlatform 'Lumin'
[2020.06.08-06.02.17:582][  0]LogTargetPlatformManager: Display: Loaded TargetPlatform 'LuminClient'
[2020.06.08-06.02.17:596][  0]LogTargetPlatformManager: Display: Loaded TargetPlatform 'TVOSClient'
[2020.06.08-06.02.17:596][  0]LogTargetPlatformManager: Display: Loaded TargetPlatform 'TVOS'
[2020.06.08-06.02.17:603][  0]LogTargetPlatformManager: Display: Loaded TargetPlatform 'WindowsNoEditor'
[2020.06.08-06.02.17:610][  0]LogTargetPlatformManager: Display: Loaded TargetPlatform 'Windows'
[2020.06.08-06.02.17:616][  0]LogTargetPlatformManager: Display: Loaded TargetPlatform 'WindowsClient'
[2020.06.08-06.02.17:622][  0]LogTargetPlatformManager: Display: Loaded TargetPlatform 'WindowsServer'
[2020.06.08-06.02.17:622][  0]LogTargetPlatformManager: Display: Building Assets For Windows
[2020.06.08-06.02.17:625][  0]LogAudioDebug: Display: Lib vorbis DLL was dynamically loaded.
[2020.06.08-06.02.17:645][  0]LogShaderCompilers: Guid format shader working directory is 15 characters bigger than the processId version (D:/videojuegos/Destiny-Project/Intermediate/Shaders/WorkingDirectory/7352/).
[2020.06.08-06.02.17:646][  0]LogShaderCompilers: Cleaned the shader compiler working directory 'C:/Users/user/AppData/Local/Temp/UnrealShaderWorkingDir/56DE15954647CE694E8A2080FDDC9B2C/'.
[2020.06.08-06.02.17:646][  0]LogXGEController: Cannot use XGE Controller as Incredibuild is not installed on this machine.
[2020.06.08-06.02.17:646][  0]LogShaderCompilers: Cannot use XGE Shader Compiler as Incredibuild is not installed on this machine.
[2020.06.08-06.02.17:646][  0]LogShaderCompilers: Display: Using Local Shader Compiler.
[2020.06.08-06.02.18:310][  0]LogDerivedDataCache: Display: Max Cache Size: 512 MB
[2020.06.08-06.02.18:412][  0]LogDerivedDataCache: Loaded boot cache 0.10s 78MB C:/Users/user/AppData/Local/UnrealEngine/4.24/DerivedDataCache/Boot.ddc.
[2020.06.08-06.02.18:412][  0]LogDerivedDataCache: Display: Loaded Boot cache: C:/Users/user/AppData/Local/UnrealEngine/4.24/DerivedDataCache/Boot.ddc
[2020.06.08-06.02.18:412][  0]LogDerivedDataCache: FDerivedDataBackendGraph:  Pak pak cache file D:/videojuegos/Destiny-Project/DerivedDataCache/DDC.ddp not found, will not use a pak cache.
[2020.06.08-06.02.18:412][  0]LogDerivedDataCache: Unable to find inner node Pak for hierarchical cache Hierarchy.
[2020.06.08-06.02.18:412][  0]LogDerivedDataCache: FDerivedDataBackendGraph:  CompressedPak pak cache file D:/videojuegos/Destiny-Project/DerivedDataCache/Compressed.ddp not found, will not use a pak cache.
[2020.06.08-06.02.18:412][  0]LogDerivedDataCache: Unable to find inner node CompressedPak for hierarchical cache Hierarchy.
[2020.06.08-06.02.18:453][  0]LogDerivedDataCache: Display: Pak cache opened for reading ../../../Engine/DerivedDataCache/Compressed.ddp.
[2020.06.08-06.02.18:454][  0]LogDerivedDataCache: FDerivedDataBackendGraph:  EnterprisePak pak cache file ../../../Enterprise/DerivedDataCache/Compressed.ddp not found, will not use a pak cache.
[2020.06.08-06.02.18:454][  0]LogDerivedDataCache: Unable to find inner node EnterprisePak for hierarchical cache Hierarchy.
[2020.06.08-06.02.18:455][  0]LogDerivedDataCache: Using Local data cache path C:/Users/user/AppData/Local/UnrealEngine/Common/DerivedDataCache: Writable
[2020.06.08-06.02.18:455][  0]LogDerivedDataCache: Shared data cache path not found in *engine.ini, will not use an Shared cache.
[2020.06.08-06.02.18:455][  0]LogDerivedDataCache: Unable to find inner node Shared for hierarchical cache Hierarchy.
[2020.06.08-06.02.18:476][  0]LogMaterial: Verifying Global Shaders for PCD3D_SM5
[2020.06.08-06.02.18:479][  0]LogSlate: Using FreeType 2.10.0
[2020.06.08-06.02.18:557][  0]LogSlate: SlateFontServices - WITH_FREETYPE: 1, WITH_HARFBUZZ: 1
[2020.06.08-06.02.18:765][  0]LogAssetRegistry: FAssetRegistry took 0.0023 seconds to start up
[2020.06.08-06.02.19:119][  0]LogInit: Selected Device Profile: [Windows]
[2020.06.08-06.02.20:130][  0]LogMeshReduction: Using QuadricMeshReduction for automatic static mesh reduction
[2020.06.08-06.02.20:130][  0]LogMeshReduction: Using SimplygonMeshReduction for automatic skeletal mesh reduction
[2020.06.08-06.02.20:130][  0]LogMeshReduction: Using ProxyLODMeshReduction for automatic mesh merging
[2020.06.08-06.02.20:130][  0]LogMeshReduction: No distributed automatic mesh merging module available
[2020.06.08-06.02.20:130][  0]LogMeshMerging: No distributed automatic mesh merging module available
[2020.06.08-06.02.20:141][  0]LogNetVersion: DESTINY 1.0.0, NetCL: 10570792, EngineNetVer: 13, GameNetVer: 0 (Checksum: 2193448394)
[2020.06.08-06.02.42:249][  0]LogPackageLocalizationCache: Processed 10 localized package path(s) for 1 prioritized culture(s) in 0.089419 seconds
[2020.06.08-06.02.42:257][  0]LogUObjectArray: 46750 objects as part of root set at end of initial load.
[2020.06.08-06.02.42:257][  0]LogUObjectAllocator: 8137160 out of 0 bytes used by permanent object pool.
[2020.06.08-06.02.42:257][  0]LogUObjectArray: CloseDisregardForGC: 0/0 objects in disregard for GC pool
[2020.06.08-06.02.44:300][  0]LogTcpMessaging: Initializing TcpMessaging bridge
[2020.06.08-06.02.44:315][  0]LogUdpMessaging: Initializing bridge on interface 0.0.0.0:0 to multicast group 230.0.0.1:6666.
[2020.06.08-06.02.44:711][  0]SourceControl: Source control is disabled
[2020.06.08-06.02.44:711][  0]SourceControl: Source control is disabled
[2020.06.08-06.02.44:738][  0]SourceControl: Source control is disabled
[2020.06.08-06.02.44:750][  0]SourceControl: Source control is disabled
[2020.06.08-06.02.44:800][  0]SourceControl: Source control is disabled
[2020.06.08-06.02.44:865][  0]LogVSAccessor: Display: Unable to create Visual Studio setup instance: 80040154
[2020.06.08-06.02.44:865][  0]LogVSAccessor: Display: Unable to create Visual Studio setup instance: 80040154
[2020.06.08-06.02.45:570][  0]LogAndroidPermission: UAndroidPermissionCallbackProxy::GetInstance
[2020.06.08-06.02.45:639][  0]LogAudioCaptureCore: Display: No Audio Capture implementations found. Audio input will be silent.
[2020.06.08-06.02.45:639][  0]LogAudioCaptureCore: Display: No Audio Capture implementations found. Audio input will be silent.
[2020.06.08-06.02.45:887][  0]LogOcInput: OculusInput pre-init called
[2020.06.08-06.02.45:926][  0]LogWindows: Failed to load 'OVRPlugin.dll' (GetLastError=126)
[2020.06.08-06.02.45:926][  0]LogWindows: File 'OVRPlugin.dll' does not exist
[2020.06.08-06.02.46:092][  0]LogEngine: Initializing Engine...
[2020.06.08-06.02.46:093][  0]LogHMD: Failed to initialize OpenVR with code 110
[2020.06.08-06.02.46:094][  0]LogStats: UGameplayTagsManager::InitializeManager -  0.000 s
[2020.06.08-06.02.46:425][  0]LogInit: Initializing FReadOnlyCVARCache
[2020.06.08-06.02.46:512][  0]LogAIModule: Creating AISystem for world Untitled
[2020.06.08-06.02.46:527][  0]LogAudioMixer: Display: Audio Mixer Platform Settings:
[2020.06.08-06.02.46:527][  0]LogAudioMixer: Display: 	Sample Rate:						  48000
[2020.06.08-06.02.46:527][  0]LogAudioMixer: Display: 	Callback Buffer Frame Size Requested: 1024
[2020.06.08-06.02.46:527][  0]LogAudioMixer: Display: 	Callback Buffer Frame Size To Use:	  1024
[2020.06.08-06.02.46:527][  0]LogAudioMixer: Display: 	Number of buffers to queue:			  2
[2020.06.08-06.02.46:527][  0]LogAudioMixer: Display: 	Max Channels (voices):				  32
[2020.06.08-06.02.46:527][  0]LogAudioMixer: Display: 	Number of Async Source Workers:		  0
[2020.06.08-06.02.46:527][  0]LogAudio: Display: AudioDevice MaxSources: 32
[2020.06.08-06.02.46:527][  0]LogAudio: Display: Using built-in audio occlusion.
[2020.06.08-06.02.46:527][  0]LogAudioMixer: Display: Initializing audio mixer.
[2020.06.08-06.02.46:544][  0]LogAudioMixer: Display: Audio Device Output Speaker Info:
[2020.06.08-06.02.46:544][  0]LogAudioMixer: Display: Name: Altavoces (2- Realtek High Definition Audio)
[2020.06.08-06.02.46:545][  0]LogAudioMixer: Display: Is Default: Yes
[2020.06.08-06.02.46:545][  0]LogAudioMixer: Display: Sample Rate: 48000
[2020.06.08-06.02.46:545][  0]LogAudioMixer: Display: Channel Count Used: 2
[2020.06.08-06.02.46:545][  0]LogAudioMixer: Display: Device Channel Count: 2
[2020.06.08-06.02.46:545][  0]LogAudioMixer: Display: Channel Order:
[2020.06.08-06.02.46:545][  0]LogAudioMixer: Display: 0: FrontLeft
[2020.06.08-06.02.46:545][  0]LogAudioMixer: Display: 1: FrontRight
[2020.06.08-06.02.46:561][  0]LogAudioMixer: Display: Using Audio Device Altavoces (2- Realtek High Definition Audio)
[2020.06.08-06.02.46:572][  0]LogInit: FAudioDevice initialized.
[2020.06.08-06.02.46:573][  0]LogNetVersion: Set ProjectVersion to 1.0.0.0. Version Checksum will be recalculated on next use.
[2020.06.08-06.02.47:187][  0]LogDerivedDataCache: Saved boot cache 0.62s 78MB C:/Users/user/AppData/Local/UnrealEngine/4.24/DerivedDataCache/Boot.ddc.
[2020.06.08-06.02.47:187][  0]LogInit: Texture streaming: Enabled
[2020.06.08-06.02.47:280][  0]LogEngineSessionManager: EngineSessionManager initialized
[2020.06.08-06.02.47:280][  0]LogEditorSessionSummary: Verbose: Initializing EditorSessionSummaryWriter for editor session tracking
[2020.06.08-06.02.47:287][  0]LogEditorSessionSummary: EditorSessionSummaryWriter initialized
[2020.06.08-06.02.47:525][  0]LogInit: Transaction tracking system initialized
[2020.06.08-06.02.47:723][  0]BlueprintLog: New page: Editor Load
[2020.06.08-06.02.48:325][  0]LocalizationService: Localization service is disabled
[2020.06.08-06.02.49:082][  0]LogVSAccessor: Display: Unable to create Visual Studio setup instance: 80040154
[2020.06.08-06.02.49:082][  0]LogVSAccessor: Display: Unable to create Visual Studio setup instance: 80040154
[2020.06.08-06.02.49:577][  0]LogFileCache: Scanning file cache for directory 'D:/videojuegos/Destiny-Project/Content/' took 0.00s
[2020.06.08-06.02.49:577][  0]LogCook: Display: Max memory allowance for cook 16384mb min free memory 0mb
[2020.06.08-06.02.49:577][  0]LogCook: Display: Mobile HDR setting 1
[2020.06.08-06.02.52:432][  0]SourceControl: Source control is disabled
[2020.06.08-06.02.52:432][  0]Cmd: MAP LOAD FILE="D:/videojuegos/Destiny-Project/Content/StarterContent/Maps/Minimal_Default.umap" TEMPLATE=0 SHOWPROGRESS=1 FEATURELEVEL=3
[2020.06.08-06.02.52:433][  0]LightingResults: New page: Lighting Build
[2020.06.08-06.02.52:457][  0]LogWorld: UWorld::CleanupWorld for Untitled, bSessionEnded=true, bCleanupResources=true
[2020.06.08-06.02.52:457][  0]LogSlate: InvalidateAllWidgets triggered.  All widgets were invalidated
[2020.06.08-06.02.52:457][  0]MapCheck: New page: Map Check
[2020.06.08-06.02.52:457][  0]LightingResults: New page: Lighting Build
[2020.06.08-06.02.52:477][  0]LogUObjectHash: Compacting FUObjectHashTables data took   1.66ms
[2020.06.08-06.02.56:004][  0]LogAIModule: Creating AISystem for world Minimal_Default
[2020.06.08-06.02.56:262][  0]LogEditorServer: Finished looking for orphan Actors (0.000 secs)
[2020.06.08-06.02.56:365][  0]LogUObjectHash: Compacting FUObjectHashTables data took   3.24ms
[2020.06.08-06.02.56:366][  0]Cmd: MAP CHECKDEP NOCLEARLOG
[2020.06.08-06.02.56:366][  0]MapCheck: Map check complete: 0 Error(s), 0 Warning(s), took 0.095ms to complete.
[2020.06.08-06.02.56:366][  0]LogFileHelpers: Loading map 'Minimal_Default' took 3.933
[2020.06.08-06.02.57:285][  0]LogSlate: Updating window title bar state: overlay mode, drag disabled, window buttons hidden, title bar hidden
[2020.06.08-06.02.57:293][  0]LogSlate: Updating window title bar state: overlay mode, drag disabled, window buttons hidden, title bar hidden
[2020.06.08-06.02.57:299][  0]LogSlate: Updating window title bar state: overlay mode, drag disabled, window buttons hidden, title bar hidden
[2020.06.08-06.02.57:305][  0]LogSlate: Updating window title bar state: overlay mode, drag disabled, window buttons hidden, title bar hidden
[2020.06.08-06.02.57:378][  0]LogCollectionManager: Loaded 0 collections in 0.001922 seconds
[2020.06.08-06.02.57:573][  0]LogFileCache: Scanning file cache for directory 'D:/videojuegos/Destiny-Project/Saved/Collections/' took 0.00s
[2020.06.08-06.02.57:573][  0]LogFileCache: Scanning file cache for directory 'D:/videojuegos/Destiny-Project/Content/Developers/user/Collections/' took 0.00s
[2020.06.08-06.02.57:573][  0]LogFileCache: Scanning file cache for directory 'D:/videojuegos/Destiny-Project/Content/Collections/' took 0.00s
[2020.06.08-06.02.57:573][  0]LogContentBrowser: Native class hierarchy populated in 0.0079 seconds. Added 3015 classes and 717 folders.
[2020.06.08-06.02.57:684][  0]LogContentBrowser: Native class hierarchy updated for 'WidgetCarousel' in 0.0002 seconds. Added 0 classes and 0 folders.
[2020.06.08-06.02.59:638][  0]LogContentBrowser: Native class hierarchy updated for 'AddContentDialog' in 0.0002 seconds. Added 0 classes and 0 folders.
[2020.06.08-06.02.59:749][  0]LogContentBrowser: Native class hierarchy updated for 'SceneOutliner' in 0.0003 seconds. Added 2 classes and 3 folders.
[2020.06.08-06.03.00:287][  0]LogSlate: Took 0.000296 seconds to synchronously load lazily loaded font '../../../Engine/Content/Slate/Fonts/Roboto-Regular.ttf' (155K)
[2020.06.08-06.03.00:290][  0]LogSlate: Took 0.000229 seconds to synchronously load lazily loaded font '../../../Engine/Content/Slate/Fonts/Roboto-Bold.ttf' (160K)
[2020.06.08-06.03.00:348][  0]LogSlate: Took 0.010610 seconds to synchronously load lazily loaded font '../../../Engine/Content/Editor/Slate/Fonts/FontAwesome.ttf' (139K)
[2020.06.08-06.03.00:870][  0]LogRenderer: Reallocating scene render targets to support 1012x360 Format 10 NumSamples 1 (Frame:1).
[2020.06.08-06.03.02:155][  0]LogContentBrowser: Native class hierarchy updated for 'HierarchicalLODOutliner' in 0.0003 seconds. Added 0 classes and 0 folders.
[2020.06.08-06.03.02:155][  0]LogLoad: (Engine Initialization) Total time: 50.46 seconds
[2020.06.08-06.03.02:156][  0]LogLoad: (Engine Initialization) Total Blueprint compile time: 0.00 seconds
[2020.06.08-06.03.02:299][  0]LogContentStreaming: Texture pool size now 1000 MB
[2020.06.08-06.03.02:438][  0]LogSlate: Took 0.008574 seconds to synchronously load lazily loaded font '../../../Engine/Content/Slate/Fonts/Roboto-Light.ttf' (167K)
[2020.06.08-06.03.02:491][  1]LogAssetRegistry: Asset discovery search completed in 43.7271 seconds
[2020.06.08-06.03.02:494][  1]LogCollectionManager: Fixed up redirectors for 0 collections in 0.000008 seconds (updated 0 objects)
[2020.06.08-06.03.03:324][ 10]LogSlate: Took 0.000256 seconds to synchronously load lazily loaded font '../../../Engine/Content/Slate/Fonts/Roboto-Light.ttf' (167K)
[2020.06.08-06.03.55:618][259]LogAssetEditorSubsystem: Opening Asset editor for AnimBlueprint /Game/Characters/Arthur/Animation/ArthurAnimation.ArthurAnimation
[2020.06.08-06.03.55:821][259]LogContentBrowser: Native class hierarchy updated for 'SkeletonEditor' in 0.0003 seconds. Added 1 classes and 2 folders.
[2020.06.08-06.03.57:355][259]LogActorComponent: RegisterComponentWithWorld: (/Engine/Transient.World_1:PersistentLevel.AnimationEditorPreviewActor_0.DebugSkelMeshComponent_0) Already registered. Aborting.
[2020.06.08-06.03.57:799][259]LogContentBrowser: Native class hierarchy updated for 'PinnedCommandList' in 0.0003 seconds. Added 1 classes and 0 folders.
[2020.06.08-06.03.58:898][259]LogContentBrowser: Native class hierarchy updated for 'BlueprintGraph' in 0.0006 seconds. Added 121 classes and 0 folders.
[2020.06.08-06.04.00:722][259]LogSkeletalMesh: USkeletalMeshComponent::InitArticulated : Bodies already created (/Engine/Transient.World_1:PersistentLevel.AnimationEditorPreviewActor_0.DebugSkelMeshComponent_0) - call TermArticulated first.
[2020.06.08-06.04.01:904][259]LogAssetEditorSubsystem: Opening Asset editor for Blueprint /Game/Characters/Arthur/ArthurCharacter.ArthurCharacter
[2020.06.08-06.04.02:523][259]LogAssetEditorSubsystem: Opening Asset editor for AnimSequence /Game/Characters/Arthur/Animation/Sword_And_Shield_Run_mixamo_com.Sword_And_Shield_Run_mixamo_com
[2020.06.08-06.04.02:692][259]LogActorComponent: RegisterComponentWithWorld: (/Engine/Transient.World_4:PersistentLevel.AnimationEditorPreviewActor_0.DebugSkelMeshComponent_0) Already registered. Aborting.
[2020.06.08-06.04.03:130][259]LogSkeletalMesh: USkeletalMeshComponent::InitArticulated : Bodies already created (/Engine/Transient.World_4:PersistentLevel.AnimationEditorPreviewActor_0.DebugSkelMeshComponent_0) - call TermArticulated first.
[2020.06.08-06.04.06:825][259]LogSlate: Took 0.171807 seconds to synchronously load lazily loaded font '../../../Engine/Content/Slate/Fonts/Roboto-BoldCondensed.ttf' (158K)
[2020.06.08-06.04.19:194][259]LogRenderer: Reallocating scene render targets to support 1048x500 Format 10 NumSamples 1 (Frame:1).
[2020.06.08-06.04.19:194][259]LogContentBrowser: Verbose: The majority of assets in the view are of type: AnimSequence
[2020.06.08-06.05.07:052][260]LogSlate: Took 0.107998 seconds to synchronously load lazily loaded font '../../../Engine/Content/Slate/Fonts/Roboto-Italic.ttf' (157K)
[2020.06.08-06.05.54:702][660]LogSlate: Window 'Sword_And_Shield_Run_mixamo_com' being destroyed
[2020.06.08-06.05.59:774][785]LogRenderer: Reallocating scene render targets to support 1048x520 Format 10 NumSamples 1 (Frame:1231).
[2020.06.08-06.06.00:001][786]LogRenderer: Reallocating scene render targets to support 1048x544 Format 10 NumSamples 1 (Frame:1233).
[2020.06.08-06.06.01:932][807]LogEditorViewport: Clicking on Actor (context menu): BP_Sky_Sphere_C (BP_Sky_Sphere)
[2020.06.08-06.06.10:214][ 89]LogRenderer: Reallocating scene render targets to support 1048x588 Format 10 NumSamples 1 (Frame:1).
[2020.06.08-06.10.37:229][236]Cmd: OBJ SAVEPACKAGE PACKAGE="/Game/Characters/Arthur/ArthurCharacter" FILE="D:/videojuegos/Destiny-Project/Content/Characters/Arthur/ArthurCharacter.uasset" SILENT=true
[2020.06.08-06.10.38:093][236]LogSavePackage: Moving 'D:/videojuegos/Destiny-Project/Saved/ArthurCharacter823F09244B58DB4ECB13028E964857F8.tmp' to 'D:/videojuegos/Destiny-Project/Content/Characters/Arthur/ArthurCharacter.uasset'
[2020.06.08-06.10.38:427][236]AssetCheck: New page: Asset Save: ArthurCharacter
[2020.06.08-06.10.38:427][236]LogContentValidation: Display: Validating Blueprint /Game/Characters/Arthur/ArthurCharacter.ArthurCharacter
[2020.06.08-06.10.39:021][256]BlueprintLog: New page: Compile ArthurCharacter
[2020.06.08-06.10.40:265][256]LogUObjectHash: Compacting FUObjectHashTables data took   4.91ms
[2020.06.08-06.10.45:284][338]LogEditorViewport: Clicking on Actor (LMB): ArthurCharacter_C (ArthurCharacter)
[2020.06.08-06.10.48:996][380]Cmd: DELETE
[2020.06.08-06.10.48:996][380]Cmd: ACTOR DELETE
[2020.06.08-06.10.49:355][380]LogEditorActor: Deleted Actor: ArthurCharacter_C
[2020.06.08-06.10.49:545][380]LogUObjectHash: Compacting FUObjectHashTables data took   5.36ms
[2020.06.08-06.10.49:547][380]LogEditorActor: Deleted 1 Actors (0.219 secs)
[2020.06.08-06.10.51:090][410]LogEditorViewport: Clicking on Actor (LMB): Arthur_C (Arthur)
[2020.06.08-06.10.51:712][419]Cmd: DELETE
[2020.06.08-06.10.51:712][419]Cmd: ACTOR DELETE
[2020.06.08-06.10.51:718][419]LogEditorActor: Deleted Actor: Arthur_C
[2020.06.08-06.10.51:827][419]LogUObjectHash: Compacting FUObjectHashTables data took   1.39ms
[2020.06.08-06.10.51:828][419]LogEditorActor: Deleted 1 Actors (0.115 secs)
[2020.06.08-06.11.00:152][572]LogEditorViewport: Clicking on Actor (LMB): StaticMeshActor (Floor)
[2020.06.08-06.11.03:173][609]LogEditorViewport: Clicking on Actor (LMB): BP_Sky_Sphere_C (BP_Sky_Sphere)
[2020.06.08-06.11.04:284][628]LogEditorViewport: Clicking on Actor (LMB): BP_Sky_Sphere_C (BP_Sky_Sphere)
[2020.06.08-06.11.30:170][ 58]LogEditorViewport: Clicking on Actor (LMB): ArthurCharacter_C (ArthurCharacter)
[2020.06.08-06.11.43:045][247]LogEditorViewport: Clicking on Actor (LMB): ArthurCharacter_C (ArthurCharacter)
[2020.06.08-06.11.44:071][262]LogEditorViewport: Clicking on Actor (LMB): StaticMeshActor (Floor)
[2020.06.08-06.11.45:049][280]LogEditorViewport: Clicking on Actor (LMB): ArthurCharacter_C (ArthurCharacter)
[2020.06.08-06.12.05:204][653]LogEditorViewport: Clicking on Actor (LMB): BP_Sky_Sphere_C (BP_Sky_Sphere)
[2020.06.08-06.12.06:829][688]Cmd: SELECT NONE
[2020.06.08-06.12.09:639][797]LogTemp: Repeating last play command: Selected Viewport
[2020.06.08-06.12.09:737][797]LogBlueprintUserMessages: Early PlayInEditor Detection: Level '/Game/StarterContent/Maps/Minimal_Default.Minimal_Default:PersistentLevel' has LevelScriptBlueprint '/Game/StarterContent/Maps/Minimal_Default.Minimal_Default:PersistentLevel.Minimal_Default' with GeneratedClass '/Game/StarterContent/Maps/Minimal_Default.Minimal_Default_C' with ClassGeneratedBy '/Game/StarterContent/Maps/Minimal_Default.Minimal_Default:PersistentLevel.Minimal_Default'
[2020.06.08-06.12.09:918][797]LogPlayLevel: PlayLevel: No blueprints needed recompiling
[2020.06.08-06.12.10:127][797]PIE: New page: PIE session: Minimal_Default (Jun 7, 2020, 8:12:09 PM)
[2020.06.08-06.12.10:256][797]LogOnline: OSS: Creating online subsystem instance for: NULL
[2020.06.08-06.12.10:257][797]LogOnline: OSS: TryLoadSubsystemAndSetDefault: Loaded subsystem for module [NULL]
[2020.06.08-06.12.10:258][797]LogPlayLevel: Creating play world package: /Game/StarterContent/Maps/UEDPIE_0_Minimal_Default
[2020.06.08-06.12.10:304][797]LogPlayLevel: PIE: StaticDuplicateObject took: (0.046696s)
[2020.06.08-06.12.10:381][797]LogAIModule: Creating AISystem for world Minimal_Default
[2020.06.08-06.12.10:389][797]LogPlayLevel: PIE: World Init took: (0.084877s)
[2020.06.08-06.12.10:390][797]LogPlayLevel: PIE: Created PIE world by copying editor world from /Game/StarterContent/Maps/Minimal_Default.Minimal_Default to /Game/StarterContent/Maps/UEDPIE_0_Minimal_Default.Minimal_Default (0.132121s)
[2020.06.08-06.12.10:438][797]LogUObjectHash: Compacting FUObjectHashTables data took   3.36ms
[2020.06.08-06.12.10:475][797]LogAudioMixer: Display: Audio Mixer Platform Settings:
[2020.06.08-06.12.10:475][797]LogAudioMixer: Display: 	Sample Rate:						  48000
[2020.06.08-06.12.10:475][797]LogAudioMixer: Display: 	Callback Buffer Frame Size Requested: 1024
[2020.06.08-06.12.10:475][797]LogAudioMixer: Display: 	Callback Buffer Frame Size To Use:	  1024
[2020.06.08-06.12.10:475][797]LogAudioMixer: Display: 	Number of buffers to queue:			  2
[2020.06.08-06.12.10:475][797]LogAudioMixer: Display: 	Max Channels (voices):				  32
[2020.06.08-06.12.10:475][797]LogAudioMixer: Display: 	Number of Async Source Workers:		  0
[2020.06.08-06.12.10:475][797]LogAudio: Display: AudioDevice MaxSources: 32
[2020.06.08-06.12.10:475][797]LogAudio: Display: Using built-in audio occlusion.
[2020.06.08-06.12.10:475][797]LogAudioMixer: Display: Initializing audio mixer.
[2020.06.08-06.12.10:930][797]LogAudioMixer: Display: Audio Device Output Speaker Info:
[2020.06.08-06.12.10:930][797]LogAudioMixer: Display: Name: Altavoces (2- Realtek High Definition Audio)
[2020.06.08-06.12.10:930][797]LogAudioMixer: Display: Is Default: Yes
[2020.06.08-06.12.10:930][797]LogAudioMixer: Display: Sample Rate: 48000
[2020.06.08-06.12.10:931][797]LogAudioMixer: Display: Channel Count Used: 2
[2020.06.08-06.12.10:931][797]LogAudioMixer: Display: Device Channel Count: 2
[2020.06.08-06.12.10:931][797]LogAudioMixer: Display: Channel Order:
[2020.06.08-06.12.10:931][797]LogAudioMixer: Display: 0: FrontLeft
[2020.06.08-06.12.10:931][797]LogAudioMixer: Display: 1: FrontRight
[2020.06.08-06.12.11:336][797]LogAudioMixer: Display: Using Audio Device Altavoces (2- Realtek High Definition Audio)
[2020.06.08-06.12.11:351][797]LogInit: FAudioDevice initialized.
[2020.06.08-06.12.11:437][797]LogLoad: Game class is 'GameModeBase'
[2020.06.08-06.12.11:442][797]LogWorld: Bringing World /Game/StarterContent/Maps/UEDPIE_0_Minimal_Default.Minimal_Default up for play (max tick rate 0) at 2020.06.08-01.12.11
[2020.06.08-06.12.11:598][797]LogWorld: Bringing up level for play took: 0.160648
[2020.06.08-06.12.11:609][797]LogOnline: OSS: Creating online subsystem instance for: :Context_15
[2020.06.08-06.12.11:718][797]LogContentBrowser: Native class hierarchy updated for 'MovieSceneCapture' in 0.0004 seconds. Added 20 classes and 0 folders.
[2020.06.08-06.12.11:754][797]PIE: Play in editor start time for /Game/StarterContent/Maps/UEDPIE_0_Minimal_Default 2.373
[2020.06.08-06.12.11:754][797]LogBlueprintUserMessages: Late PlayInEditor Detection: Level '/Game/StarterContent/Maps/Minimal_Default.Minimal_Default:PersistentLevel' has LevelScriptBlueprint '/Game/StarterContent/Maps/Minimal_Default.Minimal_Default:PersistentLevel.Minimal_Default' with GeneratedClass '/Game/StarterContent/Maps/Minimal_Default.Minimal_Default_C' with ClassGeneratedBy '/Game/StarterContent/Maps/Minimal_Default.Minimal_Default:PersistentLevel.Minimal_Default'
[2020.06.08-06.12.30:105][266]LogAudioMixer: Display: No commands were queued while flushing the source manager.
[2020.06.08-06.12.30:151][266]LogAudioMixer: Display: Flush succeeded in the source manager command queue (1).
[2020.06.08-06.12.30:172][266]LogAudioMixer: Display: Flush succeeded the source manager command queue (2).
[2020.06.08-06.12.30:241][266]LogBlueprintUserMessages: Early EndPlayMap Detection: Level '/Game/StarterContent/Maps/Minimal_Default.Minimal_Default:PersistentLevel' has LevelScriptBlueprint '/Game/StarterContent/Maps/Minimal_Default.Minimal_Default:PersistentLevel.Minimal_Default' with GeneratedClass '/Game/StarterContent/Maps/Minimal_Default.Minimal_Default_C' with ClassGeneratedBy '/Game/StarterContent/Maps/Minimal_Default.Minimal_Default:PersistentLevel.Minimal_Default'
[2020.06.08-06.12.30:296][266]LogSlate: Updating window title bar state: overlay mode, drag disabled, window buttons hidden, title bar hidden
[2020.06.08-06.12.30:296][266]LogWorld: BeginTearingDown for /Game/StarterContent/Maps/UEDPIE_0_Minimal_Default
[2020.06.08-06.12.30:318][266]LogAudioMixer: Display: No commands were queued while flushing the source manager.
[2020.06.08-06.12.30:348][266]LogWorld: UWorld::CleanupWorld for Minimal_Default, bSessionEnded=true, bCleanupResources=true
[2020.06.08-06.12.30:382][266]LogSlate: InvalidateAllWidgets triggered.  All widgets were invalidated
[2020.06.08-06.12.30:418][266]LogPlayLevel: Display: Shutting down PIE online subsystems
[2020.06.08-06.12.30:448][266]LogBlueprintUserMessages: Late EndPlayMap Detection: Level '/Game/StarterContent/Maps/Minimal_Default.Minimal_Default:PersistentLevel' has LevelScriptBlueprint '/Game/StarterContent/Maps/Minimal_Default.Minimal_Default:PersistentLevel.Minimal_Default' with GeneratedClass '/Game/StarterContent/Maps/Minimal_Default.Minimal_Default_C' with ClassGeneratedBy '/Game/StarterContent/Maps/Minimal_Default.Minimal_Default:PersistentLevel.Minimal_Default'
[2020.06.08-06.12.30:482][266]LogSlate: InvalidateAllWidgets triggered.  All widgets were invalidated
[2020.06.08-06.12.30:558][266]LogAudioMixer: Display: No commands were queued while flushing the source manager.
[2020.06.08-06.12.30:560][266]LogSlate: Updating window title bar state: overlay mode, drag disabled, window buttons hidden, title bar hidden
[2020.06.08-06.12.30:881][266]LogUObjectHash: Compacting FUObjectHashTables data took   4.68ms
[2020.06.08-06.12.30:905][267]LogPlayLevel: Display: Destroying online subsystem :Context_15
[2020.06.08-06.12.34:885][342]LogEditorViewport: Clicking on Actor (LMB): ArthurCharacter_C (ArthurCharacter)
[2020.06.08-06.12.47:698][534]LogEditorViewport: Clicking on Actor (LMB): StaticMeshActor (Floor)
[2020.06.08-06.12.48:547][547]LogEditorViewport: Clicking on Actor (LMB): ArthurCharacter_C (ArthurCharacter)
[2020.06.08-06.14.12:906][829]LogEditorViewport: Clicking on Actor (LMB): StaticMeshActor (Floor)
[2020.06.08-06.14.15:822][891]LogTemp: Repeating last play command: Selected Viewport
[2020.06.08-06.14.15:844][891]LogBlueprintUserMessages: Early PlayInEditor Detection: Level '/Game/StarterContent/Maps/Minimal_Default.Minimal_Default:PersistentLevel' has LevelScriptBlueprint '/Game/StarterContent/Maps/Minimal_Default.Minimal_Default:PersistentLevel.Minimal_Default' with GeneratedClass '/Game/StarterContent/Maps/Minimal_Default.Minimal_Default_C' with ClassGeneratedBy '/Game/StarterContent/Maps/Minimal_Default.Minimal_Default:PersistentLevel.Minimal_Default'
[2020.06.08-06.14.15:844][891]LogPlayLevel: PlayLevel: No blueprints needed recompiling
[2020.06.08-06.14.15:844][891]PIE: New page: PIE session: Minimal_Default (Jun 7, 2020, 8:14:15 PM)
[2020.06.08-06.14.15:844][891]LogPlayLevel: Creating play world package: /Game/StarterContent/Maps/UEDPIE_0_Minimal_Default
[2020.06.08-06.14.15:849][891]LogPlayLevel: PIE: StaticDuplicateObject took: (0.004262s)
[2020.06.08-06.14.15:850][891]LogAIModule: Creating AISystem for world Minimal_Default
[2020.06.08-06.14.15:857][891]LogPlayLevel: PIE: World Init took: (0.008384s)
[2020.06.08-06.14.15:857][891]LogPlayLevel: PIE: Created PIE world by copying editor world from /Game/StarterContent/Maps/Minimal_Default.Minimal_Default to /Game/StarterContent/Maps/UEDPIE_0_Minimal_Default.Minimal_Default (0.012869s)
[2020.06.08-06.14.15:983][891]LogUObjectHash: Compacting FUObjectHashTables data took   4.39ms
[2020.06.08-06.14.15:984][891]LogAudioMixer: Display: Audio Mixer Platform Settings:
[2020.06.08-06.14.15:984][891]LogAudioMixer: Display: 	Sample Rate:						  48000
[2020.06.08-06.14.15:984][891]LogAudioMixer: Display: 	Callback Buffer Frame Size Requested: 1024
[2020.06.08-06.14.15:984][891]LogAudioMixer: Display: 	Callback Buffer Frame Size To Use:	  1024
[2020.06.08-06.14.15:984][891]LogAudioMixer: Display: 	Number of buffers to queue:			  2
[2020.06.08-06.14.15:984][891]LogAudioMixer: Display: 	Max Channels (voices):				  32
[2020.06.08-06.14.15:984][891]LogAudioMixer: Display: 	Number of Async Source Workers:		  0
[2020.06.08-06.14.15:984][891]LogAudio: Display: AudioDevice MaxSources: 32
[2020.06.08-06.14.15:984][891]LogAudio: Display: Using built-in audio occlusion.
[2020.06.08-06.14.15:984][891]LogAudioMixer: Display: Initializing audio mixer.
[2020.06.08-06.14.16:005][891]LogAudioMixer: Display: Audio Device Output Speaker Info:
[2020.06.08-06.14.16:005][891]LogAudioMixer: Display: Name: Altavoces (2- Realtek High Definition Audio)
[2020.06.08-06.14.16:006][891]LogAudioMixer: Display: Is Default: Yes
[2020.06.08-06.14.16:006][891]LogAudioMixer: Display: Sample Rate: 48000
[2020.06.08-06.14.16:006][891]LogAudioMixer: Display: Channel Count Used: 2
[2020.06.08-06.14.16:006][891]LogAudioMixer: Display: Device Channel Count: 2
[2020.06.08-06.14.16:006][891]LogAudioMixer: Display: Channel Order:
[2020.06.08-06.14.16:006][891]LogAudioMixer: Display: 0: FrontLeft
[2020.06.08-06.14.16:006][891]LogAudioMixer: Display: 1: FrontRight
[2020.06.08-06.14.16:030][891]LogAudioMixer: Display: Using Audio Device Altavoces (2- Realtek High Definition Audio)
[2020.06.08-06.14.16:032][891]LogInit: FAudioDevice initialized.
[2020.06.08-06.14.16:041][891]LogLoad: Game class is 'GameModeBase'
[2020.06.08-06.14.16:043][891]LogWorld: Bringing World /Game/StarterContent/Maps/UEDPIE_0_Minimal_Default.Minimal_Default up for play (max tick rate 0) at 2020.06.08-01.14.16
[2020.06.08-06.14.16:054][891]LogWorld: Bringing up level for play took: 0.013079
[2020.06.08-06.14.16:054][891]LogOnline: OSS: Creating online subsystem instance for: :Context_16
[2020.06.08-06.14.16:064][891]PIE: Play in editor start time for /Game/StarterContent/Maps/UEDPIE_0_Minimal_Default 0.683
[2020.06.08-06.14.16:064][891]LogBlueprintUserMessages: Late PlayInEditor Detection: Level '/Game/StarterContent/Maps/Minimal_Default.Minimal_Default:PersistentLevel' has LevelScriptBlueprint '/Game/StarterContent/Maps/Minimal_Default.Minimal_Default:PersistentLevel.Minimal_Default' with GeneratedClass '/Game/StarterContent/Maps/Minimal_Default.Minimal_Default_C' with ClassGeneratedBy '/Game/StarterContent/Maps/Minimal_Default.Minimal_Default:PersistentLevel.Minimal_Default'
[2020.06.08-06.14.31:700][358]LogAudioMixer: Display: No commands were queued while flushing the source manager.
[2020.06.08-06.14.31:712][358]LogAudioMixer: Display: Flush succeeded in the source manager command queue (1).
[2020.06.08-06.14.31:741][358]LogAudioMixer: Display: Flush succeeded the source manager command queue (2).
[2020.06.08-06.14.31:742][358]LogBlueprintUserMessages: Early EndPlayMap Detection: Level '/Game/StarterContent/Maps/Minimal_Default.Minimal_Default:PersistentLevel' has LevelScriptBlueprint '/Game/StarterContent/Maps/Minimal_Default.Minimal_Default:PersistentLevel.Minimal_Default' with GeneratedClass '/Game/StarterContent/Maps/Minimal_Default.Minimal_Default_C' with ClassGeneratedBy '/Game/StarterContent/Maps/Minimal_Default.Minimal_Default:PersistentLevel.Minimal_Default'
[2020.06.08-06.14.31:744][358]LogSlate: Updating window title bar state: overlay mode, drag disabled, window buttons hidden, title bar hidden
[2020.06.08-06.14.31:744][358]LogWorld: BeginTearingDown for /Game/StarterContent/Maps/UEDPIE_0_Minimal_Default
[2020.06.08-06.14.31:745][358]LogAudioMixer: Display: No commands were queued while flushing the source manager.
[2020.06.08-06.14.31:745][358]LogWorld: UWorld::CleanupWorld for Minimal_Default, bSessionEnded=true, bCleanupResources=true
[2020.06.08-06.14.31:746][358]LogSlate: InvalidateAllWidgets triggered.  All widgets were invalidated
[2020.06.08-06.14.31:784][358]LogPlayLevel: Display: Shutting down PIE online subsystems
[2020.06.08-06.14.31:784][358]LogBlueprintUserMessages: Late EndPlayMap Detection: Level '/Game/StarterContent/Maps/Minimal_Default.Minimal_Default:PersistentLevel' has LevelScriptBlueprint '/Game/StarterContent/Maps/Minimal_Default.Minimal_Default:PersistentLevel.Minimal_Default' with GeneratedClass '/Game/StarterContent/Maps/Minimal_Default.Minimal_Default_C' with ClassGeneratedBy '/Game/StarterContent/Maps/Minimal_Default.Minimal_Default:PersistentLevel.Minimal_Default'
[2020.06.08-06.14.31:791][358]LogSlate: InvalidateAllWidgets triggered.  All widgets were invalidated
[2020.06.08-06.14.31:824][358]LogAudioMixer: Display: No commands were queued while flushing the source manager.
[2020.06.08-06.14.31:827][358]LogSlate: Updating window title bar state: overlay mode, drag disabled, window buttons hidden, title bar hidden
[2020.06.08-06.14.31:831][358]LogUObjectHash: Compacting FUObjectHashTables data took   3.22ms
[2020.06.08-06.14.31:850][359]LogPlayLevel: Display: Destroying online subsystem :Context_16
[2020.06.08-06.14.40:226][556]LogEditorViewport: Clicking on Actor (LMB): BP_Sky_Sphere_C (BP_Sky_Sphere)
[2020.06.08-06.14.43:251][629]LogEditorViewport: Clicking on Actor (LMB): BP_Sky_Sphere_C (BP_Sky_Sphere)
[2020.06.08-06.14.51:184][807]LogEditorViewport: Clicking on Actor (LMB): BP_Sky_Sphere_C (BP_Sky_Sphere)
[2020.06.08-06.14.53:242][852]Cmd: OBJ SAVEPACKAGE PACKAGE="/Game/StarterContent/Maps/Minimal_Default" FILE="D:/videojuegos/Destiny-Project/Content/StarterContent/Maps/Minimal_Default.umap" SILENT=true AUTOSAVING=false KEEPDIRTY=false
[2020.06.08-06.14.53:433][852]LogUObjectHash: Compacting FUObjectHashTables data took   2.40ms
[2020.06.08-06.14.53:804][852]LogSavePackage: Moving 'D:/videojuegos/Destiny-Project/Saved/Minimal_Default8B92380E430FE5BDAA17108A261BD628.tmp' to 'D:/videojuegos/Destiny-Project/Content/StarterContent/Maps/Minimal_Default.umap'
[2020.06.08-06.14.53:969][852]Cmd: OBJ SAVEPACKAGE PACKAGE="/Game/StarterContent/Maps/Minimal_Default_BuiltData" FILE="D:/videojuegos/Destiny-Project/Content/StarterContent/Maps/Minimal_Default_BuiltData.uasset" SILENT=true
[2020.06.08-06.14.54:360][852]LogSavePackage: Moving 'D:/videojuegos/Destiny-Project/Saved/Minimal_Default_BuiltDataB17014524BE0D036079224B11B93AECA.tmp' to 'D:/videojuegos/Destiny-Project/Content/StarterContent/Maps/Minimal_Default_BuiltData.uasset'
[2020.06.08-06.14.54:438][852]AssetCheck: New page: Asset Save: multiple assets
[2020.06.08-06.14.54:438][852]LogContentValidation: Display: Validating World /Game/StarterContent/Maps/Minimal_Default.Minimal_Default
[2020.06.08-06.14.54:438][852]LogContentValidation: Display: Validating MapBuildDataRegistry /Game/StarterContent/Maps/Minimal_Default_BuiltData.Minimal_Default_BuiltData
[2020.06.08-06.14.56:337][896]Cmd: OBJ SAVEPACKAGE PACKAGE="/Game/StarterContent/Maps/Minimal_Default" FILE="D:/videojuegos/Destiny-Project/Content/StarterContent/Maps/Minimal_Default.umap" SILENT=true AUTOSAVING=false KEEPDIRTY=false
[2020.06.08-06.14.56:435][896]LogUObjectHash: Compacting FUObjectHashTables data took   4.05ms
[2020.06.08-06.14.56:655][896]LogSavePackage: Moving 'D:/videojuegos/Destiny-Project/Saved/Minimal_Default5F806381430E5130E18A62B1A51233AD.tmp' to 'D:/videojuegos/Destiny-Project/Content/StarterContent/Maps/Minimal_Default.umap'
[2020.06.08-06.14.56:674][896]Cmd: OBJ SAVEPACKAGE PACKAGE="/Game/StarterContent/Maps/Minimal_Default_BuiltData" FILE="D:/videojuegos/Destiny-Project/Content/StarterContent/Maps/Minimal_Default_BuiltData.uasset" SILENT=true
[2020.06.08-06.14.56:809][896]LogSavePackage: Moving 'D:/videojuegos/Destiny-Project/Saved/Minimal_Default_BuiltData0AA6F5444C1F61BBA18E9EA043EDC015.tmp' to 'D:/videojuegos/Destiny-Project/Content/StarterContent/Maps/Minimal_Default_BuiltData.uasset'
[2020.06.08-06.14.56:827][896]AssetCheck: New page: Asset Save: multiple assets
[2020.06.08-06.14.56:827][896]LogContentValidation: Display: Validating World /Game/StarterContent/Maps/Minimal_Default.Minimal_Default
[2020.06.08-06.14.56:827][896]LogContentValidation: Display: Validating MapBuildDataRegistry /Game/StarterContent/Maps/Minimal_Default_BuiltData.Minimal_Default_BuiltData
